[2026-06-12T11:35:42.164+0000] {local_task_job_runner.py:123} INFO - ::group::Pre task execution logs
[2026-06-12T11:35:42.250+0000] {taskinstance.py:2614} INFO - Dependencies all met for dep_context=non-requeueable deps ti=<TaskInstance: hotel_booking_pipeline.ingestion.wait_for_starrocks manual__2026-06-12T11:27:50.193033+00:00 [queued]>
[2026-06-12T11:35:42.265+0000] {taskinstance.py:2614} INFO - Dependencies all met for dep_context=requeueable deps ti=<TaskInstance: hotel_booking_pipeline.ingestion.wait_for_starrocks manual__2026-06-12T11:27:50.193033+00:00 [queued]>
[2026-06-12T11:35:42.266+0000] {taskinstance.py:2867} INFO - Starting attempt 1 of 4
[2026-06-12T11:35:42.299+0000] {taskinstance.py:2890} INFO - Executing <Task(PythonOperator): ingestion.wait_for_starrocks> on 2026-06-12 11:27:50.193033+00:00
[2026-06-12T11:35:42.333+0000] {standard_task_runner.py:104} INFO - Running: ['***', 'tasks', 'run', 'hotel_booking_pipeline', 'ingestion.wait_for_starrocks', 'manual__2026-06-12T11:27:50.193033+00:00', '--job-id', '81', '--raw', '--subdir', 'DAGS_FOLDER/hotel_booking_pipeline.py', '--cfg-path', '/tmp/tmpngdz840l']
[2026-06-12T11:35:42.369+0000] {logging_mixin.py:190} WARNING - /home/***/.local/lib/python3.12/site-packages/***/task/task_runner/standard_task_runner.py:70 DeprecationWarning: This process (pid=2015) is multi-threaded, use of fork() may lead to deadlocks in the child.
[2026-06-12T11:35:42.398+0000] {standard_task_runner.py:72} INFO - Started process 2016 to run task
[2026-06-12T11:35:42.396+0000] {standard_task_runner.py:105} INFO - Job 81: Subtask ingestion.wait_for_starrocks
[2026-06-12T11:35:43.000+0000] {task_command.py:467} INFO - Running <TaskInstance: hotel_booking_pipeline.ingestion.wait_for_starrocks manual__2026-06-12T11:27:50.193033+00:00 [running]> on host d474afbfc391
[2026-06-12T11:35:43.600+0000] {taskinstance.py:3134} INFO - Exporting env vars: AIRFLOW_CTX_DAG_OWNER='data-platform' AIRFLOW_CTX_DAG_ID='hotel_booking_pipeline' AIRFLOW_CTX_TASK_ID='ingestion.wait_for_starrocks' AIRFLOW_CTX_EXECUTION_DATE='2026-06-12T11:27:50.193033+00:00' AIRFLOW_CTX_TRY_NUMBER='1' AIRFLOW_CTX_DAG_RUN_ID='manual__2026-06-12T11:27:50.193033+00:00'
[2026-06-12T11:35:43.618+0000] {taskinstance.py:732} INFO - ::endgroup::
[2026-06-12T11:35:43.760+0000] {logging_mixin.py:190} INFO - StarRocks is reachable at starrocks:9030
[2026-06-12T11:35:45.137+0000] {logging_mixin.py:190} INFO - StarRocks query check returned: 1
[2026-06-12T11:35:45.168+0000] {python.py:240} INFO - Done. Returned value was: None
[2026-06-12T11:35:45.334+0000] {taskinstance.py:341} INFO - ::group::Post task execution logs
[2026-06-12T11:35:45.336+0000] {taskinstance.py:353} INFO - Marking task as SUCCESS. dag_id=hotel_booking_pipeline, task_id=ingestion.wait_for_starrocks, run_id=manual__2026-06-12T11:27:50.193033+00:00, execution_date=20260612T112750, start_date=20260612T113542, end_date=20260612T113545
[2026-06-12T11:35:45.537+0000] {local_task_job_runner.py:266} INFO - Task exited with return code 0
[2026-06-12T11:35:45.683+0000] {taskinstance.py:3901} INFO - 1 downstream tasks scheduled from follow-on schedule check
[2026-06-12T11:35:45.686+0000] {local_task_job_runner.py:245} INFO - ::endgroup::
