[2026-06-02T02:54:57.711+0000] {local_task_job_runner.py:123} INFO - ::group::Pre task execution logs
[2026-06-02T02:54:57.740+0000] {taskinstance.py:2614} INFO - Dependencies all met for dep_context=non-requeueable deps ti=<TaskInstance: hotel_booking_pipeline.load_raw_to_starrocks manual__2026-06-02T02:47:56.651802+00:00 [queued]>
[2026-06-02T02:54:57.748+0000] {taskinstance.py:2614} INFO - Dependencies all met for dep_context=requeueable deps ti=<TaskInstance: hotel_booking_pipeline.load_raw_to_starrocks manual__2026-06-02T02:47:56.651802+00:00 [queued]>
[2026-06-02T02:54:57.748+0000] {taskinstance.py:2867} INFO - Starting attempt 3 of 4
[2026-06-02T02:54:57.754+0000] {taskinstance.py:2890} INFO - Executing <Task(BashOperator): load_raw_to_starrocks> on 2026-06-02 02:47:56.651802+00:00
[2026-06-02T02:54:57.767+0000] {standard_task_runner.py:104} INFO - Running: ['***', 'tasks', 'run', 'hotel_booking_pipeline', 'load_raw_to_starrocks', 'manual__2026-06-02T02:47:56.651802+00:00', '--job-id', '16', '--raw', '--subdir', 'DAGS_FOLDER/hotel_booking_pipeline.py', '--cfg-path', '/tmp/tmppvqq1_tp']
[2026-06-02T02:54:57.772+0000] {standard_task_runner.py:105} INFO - Job 16: Subtask load_raw_to_starrocks
[2026-06-02T02:54:57.774+0000] {logging_mixin.py:190} WARNING - /home/***/.local/lib/python3.12/site-packages/***/task/task_runner/standard_task_runner.py:70 DeprecationWarning: This process (pid=184) is multi-threaded, use of fork() may lead to deadlocks in the child.
[2026-06-02T02:54:57.777+0000] {standard_task_runner.py:72} INFO - Started process 185 to run task
[2026-06-02T02:54:57.841+0000] {task_command.py:467} INFO - Running <TaskInstance: hotel_booking_pipeline.load_raw_to_starrocks manual__2026-06-02T02:47:56.651802+00:00 [running]> on host b9fbd04a225d
[2026-06-02T02:54:57.905+0000] {taskinstance.py:3134} INFO - Exporting env vars: AIRFLOW_CTX_DAG_OWNER='data-platform' AIRFLOW_CTX_DAG_ID='hotel_booking_pipeline' AIRFLOW_CTX_TASK_ID='load_raw_to_starrocks' AIRFLOW_CTX_EXECUTION_DATE='2026-06-02T02:47:56.651802+00:00' AIRFLOW_CTX_TRY_NUMBER='3' AIRFLOW_CTX_DAG_RUN_ID='manual__2026-06-02T02:47:56.651802+00:00'
[2026-06-02T02:54:57.906+0000] {taskinstance.py:732} INFO - ::endgroup::
[2026-06-02T02:54:57.914+0000] {subprocess.py:78} INFO - Tmp dir root location: /tmp
[2026-06-02T02:54:57.915+0000] {subprocess.py:88} INFO - Running command: ['/usr/bin/bash', '-c', 'python /opt/***/scripts/load_raw_to_starrocks.py --skip-upload --method auto']
[2026-06-02T02:54:57.923+0000] {subprocess.py:99} INFO - Output:
[2026-06-02T02:55:03.491+0000] {subprocess.py:106} INFO - Creating StarRocks database and raw table...
[2026-06-02T02:55:03.497+0000] {subprocess.py:106} INFO - Loading raw table with StarRocks INSERT ... FILES() from MinIO...
[2026-06-02T02:55:03.500+0000] {subprocess.py:106} INFO - Local CSV rows: 119,390
[2026-06-02T02:55:03.502+0000] {subprocess.py:106} INFO - StarRocks raw rows: 119,390
[2026-06-02T02:55:03.502+0000] {subprocess.py:106} INFO - Sample rows:
[2026-06-02T02:55:03.503+0000] {subprocess.py:106} INFO - ('City Hotel', '0', '2015', 'PRT', '0', 's3://hotel-booking-raw/hotel_booking_demand/hotel_bookings.csv', datetime.datetime(2026, 6, 2, 2, 54, 58))
[2026-06-02T02:55:03.503+0000] {subprocess.py:106} INFO - ('City Hotel', '1', '2015', 'PRT', '76.5', 's3://hotel-booking-raw/hotel_booking_demand/hotel_bookings.csv', datetime.datetime(2026, 6, 2, 2, 54, 58))
[2026-06-02T02:55:03.503+0000] {subprocess.py:106} INFO - ('City Hotel', '1', '2015', 'PRT', '68', 's3://hotel-booking-raw/hotel_booking_demand/hotel_bookings.csv', datetime.datetime(2026, 6, 2, 2, 54, 58))
[2026-06-02T02:55:03.511+0000] {subprocess.py:106} INFO - ('City Hotel', '1', '2015', 'PRT', '76.5', 's3://hotel-booking-raw/hotel_booking_demand/hotel_bookings.csv', datetime.datetime(2026, 6, 2, 2, 54, 58))
[2026-06-02T02:55:03.512+0000] {subprocess.py:106} INFO - ('City Hotel', '1', '2015', 'PRT', '76.5', 's3://hotel-booking-raw/hotel_booking_demand/hotel_bookings.csv', datetime.datetime(2026, 6, 2, 2, 54, 58))
[2026-06-02T02:55:03.562+0000] {subprocess.py:110} INFO - Command exited with return code 0
[2026-06-02T02:55:03.636+0000] {taskinstance.py:341} INFO - ::group::Post task execution logs
[2026-06-02T02:55:03.637+0000] {taskinstance.py:353} INFO - Marking task as SUCCESS. dag_id=hotel_booking_pipeline, task_id=load_raw_to_starrocks, run_id=manual__2026-06-02T02:47:56.651802+00:00, execution_date=20260602T024756, start_date=20260602T025457, end_date=20260602T025503
[2026-06-02T02:55:03.705+0000] {local_task_job_runner.py:266} INFO - Task exited with return code 0
[2026-06-02T02:55:03.737+0000] {taskinstance.py:3901} INFO - 0 downstream tasks scheduled from follow-on schedule check
[2026-06-02T02:55:03.738+0000] {local_task_job_runner.py:245} INFO - ::endgroup::
