[2026-06-17T15:02:20.497+0000] {local_task_job_runner.py:123} INFO - ::group::Pre task execution logs
[2026-06-17T15:02:20.533+0000] {taskinstance.py:2614} INFO - Dependencies all met for dep_context=non-requeueable deps ti=<TaskInstance: hotel_booking_pipeline.ingestion.run_spark_iceberg_ingestion manual__2026-06-17T15:00:46.672472+00:00 [queued]>
[2026-06-17T15:02:20.547+0000] {taskinstance.py:2614} INFO - Dependencies all met for dep_context=requeueable deps ti=<TaskInstance: hotel_booking_pipeline.ingestion.run_spark_iceberg_ingestion manual__2026-06-17T15:00:46.672472+00:00 [queued]>
[2026-06-17T15:02:20.547+0000] {taskinstance.py:2867} INFO - Starting attempt 2 of 2
[2026-06-17T15:02:20.566+0000] {taskinstance.py:2890} INFO - Executing <Task(PythonOperator): ingestion.run_spark_iceberg_ingestion> on 2026-06-17 15:00:46.672472+00:00
[2026-06-17T15:02:20.576+0000] {standard_task_runner.py:104} INFO - Running: ['***', 'tasks', 'run', 'hotel_booking_pipeline', 'ingestion.run_spark_iceberg_ingestion', 'manual__2026-06-17T15:00:46.672472+00:00', '--job-id', '129', '--raw', '--subdir', 'DAGS_FOLDER/hotel_booking_pipeline.py', '--cfg-path', '/tmp/tmpv8pgzo6t']
[2026-06-17T15:02:20.579+0000] {logging_mixin.py:190} WARNING - /home/***/.local/lib/python3.12/site-packages/***/task/task_runner/standard_task_runner.py:70 DeprecationWarning: This process (pid=6021) is multi-threaded, use of fork() may lead to deadlocks in the child.
[2026-06-17T15:02:20.581+0000] {standard_task_runner.py:105} INFO - Job 129: Subtask ingestion.run_spark_iceberg_ingestion
[2026-06-17T15:02:20.582+0000] {standard_task_runner.py:72} INFO - Started process 6022 to run task
[2026-06-17T15:02:20.670+0000] {task_command.py:467} INFO - Running <TaskInstance: hotel_booking_pipeline.ingestion.run_spark_iceberg_ingestion manual__2026-06-17T15:00:46.672472+00:00 [running]> on host 5a05bbfd0b5c
[2026-06-17T15:02:20.791+0000] {taskinstance.py:3134} INFO - Exporting env vars: AIRFLOW_CTX_DAG_OWNER='data-platform' AIRFLOW_CTX_DAG_ID='hotel_booking_pipeline' AIRFLOW_CTX_TASK_ID='ingestion.run_spark_iceberg_ingestion' AIRFLOW_CTX_EXECUTION_DATE='2026-06-17T15:00:46.672472+00:00' AIRFLOW_CTX_TRY_NUMBER='2' AIRFLOW_CTX_DAG_RUN_ID='manual__2026-06-17T15:00:46.672472+00:00'
[2026-06-17T15:02:20.794+0000] {taskinstance.py:732} INFO - ::endgroup::
[2026-06-17T15:02:20.813+0000] {logging_mixin.py:190} INFO - Running command: python /opt/***/scripts/ingest_batches_to_iceberg.py --batch-dir /opt/***/data/input/incremental_batches
[2026-06-17T15:02:30.536+0000] {taskinstance.py:3313} ERROR - Task failed with exception
Traceback (most recent call last):
  File "/home/airflow/.local/lib/python3.12/site-packages/airflow/models/taskinstance.py", line 768, in _execute_task
    result = _execute_callable(context=context, **execute_callable_kwargs)
             ^^^^^^^^^^^^^^^^^^^^^^^^^^^^^^^^^^^^^^^^^^^^^^^^^^^^^^^^^^^^^
  File "/home/airflow/.local/lib/python3.12/site-packages/airflow/models/taskinstance.py", line 734, in _execute_callable
    return ExecutionCallableRunner(
           ^^^^^^^^^^^^^^^^^^^^^^^^
  File "/home/airflow/.local/lib/python3.12/site-packages/airflow/utils/operator_helpers.py", line 252, in run
    return self.func(*args, **kwargs)
           ^^^^^^^^^^^^^^^^^^^^^^^^^^
  File "/home/airflow/.local/lib/python3.12/site-packages/airflow/models/baseoperator.py", line 424, in wrapper
    return func(self, *args, **kwargs)
           ^^^^^^^^^^^^^^^^^^^^^^^^^^^
  File "/home/airflow/.local/lib/python3.12/site-packages/airflow/operators/python.py", line 238, in execute
    return_value = self.execute_callable()
                   ^^^^^^^^^^^^^^^^^^^^^^^
  File "/home/airflow/.local/lib/python3.12/site-packages/airflow/operators/python.py", line 256, in execute_callable
    return runner.run(*self.op_args, **self.op_kwargs)
           ^^^^^^^^^^^^^^^^^^^^^^^^^^^^^^^^^^^^^^^^^^^
  File "/home/airflow/.local/lib/python3.12/site-packages/airflow/utils/operator_helpers.py", line 252, in run
    return self.func(*args, **kwargs)
           ^^^^^^^^^^^^^^^^^^^^^^^^^^
  File "/opt/airflow/dags/hotel_booking_pipeline.py", line 220, in run_spark_iceberg_ingestion
    _run_command(
  File "/opt/airflow/dags/hotel_booking_pipeline.py", line 125, in _run_command
    raise AirflowException(f"Command failed with exit code {result.returncode}: {' '.join(command)}")
airflow.exceptions.AirflowException: Command failed with exit code 1: python /opt/***/scripts/ingest_batches_to_iceberg.py --batch-dir /opt/***/data/input/incremental_batches
[2026-06-17T15:02:30.553+0000] {taskinstance.py:1226} INFO - Marking task as FAILED. dag_id=hotel_booking_pipeline, task_id=ingestion.run_spark_iceberg_ingestion, run_id=manual__2026-06-17T15:00:46.672472+00:00, execution_date=20260617T150046, start_date=20260617T150220, end_date=20260617T150230
[2026-06-17T15:02:30.591+0000] {taskinstance.py:341} INFO - ::group::Post task execution logs
[2026-06-17T15:02:30.592+0000] {standard_task_runner.py:124} ERROR - Failed to execute job 129 for task ingestion.run_spark_iceberg_ingestion (Command failed with exit code 1: python /opt/***/scripts/ingest_batches_to_iceberg.py --batch-dir /opt/***/data/input/incremental_batches; 6022)
Traceback (most recent call last):
  File "/home/airflow/.local/lib/python3.12/site-packages/airflow/task/task_runner/standard_task_runner.py", line 117, in _start_by_fork
    ret = args.func(args, dag=self.dag)
          ^^^^^^^^^^^^^^^^^^^^^^^^^^^^^
  File "/home/airflow/.local/lib/python3.12/site-packages/airflow/cli/cli_config.py", line 49, in command
    return func(*args, **kwargs)
           ^^^^^^^^^^^^^^^^^^^^^
  File "/home/airflow/.local/lib/python3.12/site-packages/airflow/utils/cli.py", line 116, in wrapper
    return f(*args, **kwargs)
           ^^^^^^^^^^^^^^^^^^
  File "/home/airflow/.local/lib/python3.12/site-packages/airflow/cli/commands/task_command.py", line 483, in task_run
    task_return_code = _run_task_by_selected_method(args, _dag, ti)
                       ^^^^^^^^^^^^^^^^^^^^^^^^^^^^^^^^^^^^^^^^^^^^
  File "/home/airflow/.local/lib/python3.12/site-packages/airflow/cli/commands/task_command.py", line 256, in _run_task_by_selected_method
    return _run_raw_task(args, ti)
           ^^^^^^^^^^^^^^^^^^^^^^^
  File "/home/airflow/.local/lib/python3.12/site-packages/airflow/cli/commands/task_command.py", line 341, in _run_raw_task
    return ti._run_raw_task(
           ^^^^^^^^^^^^^^^^^
  File "/home/airflow/.local/lib/python3.12/site-packages/airflow/utils/session.py", line 97, in wrapper
    return func(*args, session=session, **kwargs)
           ^^^^^^^^^^^^^^^^^^^^^^^^^^^^^^^^^^^^^^
  File "/home/airflow/.local/lib/python3.12/site-packages/airflow/models/taskinstance.py", line 3006, in _run_raw_task
    return _run_raw_task(
           ^^^^^^^^^^^^^^
  File "/home/airflow/.local/lib/python3.12/site-packages/airflow/models/taskinstance.py", line 274, in _run_raw_task
    TaskInstance._execute_task_with_callbacks(
  File "/home/airflow/.local/lib/python3.12/site-packages/airflow/models/taskinstance.py", line 3161, in _execute_task_with_callbacks
    result = self._execute_task(context, task_orig)
             ^^^^^^^^^^^^^^^^^^^^^^^^^^^^^^^^^^^^^^
  File "/home/airflow/.local/lib/python3.12/site-packages/airflow/models/taskinstance.py", line 3185, in _execute_task
    return _execute_task(self, context, task_orig)
           ^^^^^^^^^^^^^^^^^^^^^^^^^^^^^^^^^^^^^^^
  File "/home/airflow/.local/lib/python3.12/site-packages/airflow/models/taskinstance.py", line 768, in _execute_task
    result = _execute_callable(context=context, **execute_callable_kwargs)
             ^^^^^^^^^^^^^^^^^^^^^^^^^^^^^^^^^^^^^^^^^^^^^^^^^^^^^^^^^^^^^
  File "/home/airflow/.local/lib/python3.12/site-packages/airflow/models/taskinstance.py", line 734, in _execute_callable
    return ExecutionCallableRunner(
           ^^^^^^^^^^^^^^^^^^^^^^^^
  File "/home/airflow/.local/lib/python3.12/site-packages/airflow/utils/operator_helpers.py", line 252, in run
    return self.func(*args, **kwargs)
           ^^^^^^^^^^^^^^^^^^^^^^^^^^
  File "/home/airflow/.local/lib/python3.12/site-packages/airflow/models/baseoperator.py", line 424, in wrapper
    return func(self, *args, **kwargs)
           ^^^^^^^^^^^^^^^^^^^^^^^^^^^
  File "/home/airflow/.local/lib/python3.12/site-packages/airflow/operators/python.py", line 238, in execute
    return_value = self.execute_callable()
                   ^^^^^^^^^^^^^^^^^^^^^^^
  File "/home/airflow/.local/lib/python3.12/site-packages/airflow/operators/python.py", line 256, in execute_callable
    return runner.run(*self.op_args, **self.op_kwargs)
           ^^^^^^^^^^^^^^^^^^^^^^^^^^^^^^^^^^^^^^^^^^^
  File "/home/airflow/.local/lib/python3.12/site-packages/airflow/utils/operator_helpers.py", line 252, in run
    return self.func(*args, **kwargs)
           ^^^^^^^^^^^^^^^^^^^^^^^^^^
  File "/opt/airflow/dags/hotel_booking_pipeline.py", line 220, in run_spark_iceberg_ingestion
    _run_command(
  File "/opt/airflow/dags/hotel_booking_pipeline.py", line 125, in _run_command
    raise AirflowException(f"Command failed with exit code {result.returncode}: {' '.join(command)}")
airflow.exceptions.AirflowException: Command failed with exit code 1: python /opt/***/scripts/ingest_batches_to_iceberg.py --batch-dir /opt/***/data/input/incremental_batches
[2026-06-17T15:02:30.639+0000] {local_task_job_runner.py:266} INFO - Task exited with return code 1
[2026-06-17T15:02:30.693+0000] {taskinstance.py:3901} INFO - 0 downstream tasks scheduled from follow-on schedule check
[2026-06-17T15:02:30.696+0000] {local_task_job_runner.py:245} INFO - ::endgroup::
