[2026-06-02T02:57:09.965+0000] {local_task_job_runner.py:123} INFO - ::group::Pre task execution logs
[2026-06-02T02:57:09.982+0000] {taskinstance.py:2614} INFO - Dependencies all met for dep_context=non-requeueable deps ti=<TaskInstance: hotel_booking_pipeline.log_mart_row_counts manual__2026-06-02T02:47:56.651802+00:00 [queued]>
[2026-06-02T02:57:09.987+0000] {taskinstance.py:2614} INFO - Dependencies all met for dep_context=requeueable deps ti=<TaskInstance: hotel_booking_pipeline.log_mart_row_counts manual__2026-06-02T02:47:56.651802+00:00 [queued]>
[2026-06-02T02:57:09.987+0000] {taskinstance.py:2867} INFO - Starting attempt 1 of 2
[2026-06-02T02:57:10.000+0000] {taskinstance.py:2890} INFO - Executing <Task(PythonOperator): log_mart_row_counts> on 2026-06-02 02:47:56.651802+00:00
[2026-06-02T02:57:10.006+0000] {logging_mixin.py:190} WARNING - /home/***/.local/lib/python3.12/site-packages/***/task/task_runner/standard_task_runner.py:70 DeprecationWarning: This process (pid=241) is multi-threaded, use of fork() may lead to deadlocks in the child.
[2026-06-02T02:57:10.005+0000] {standard_task_runner.py:104} INFO - Running: ['***', 'tasks', 'run', 'hotel_booking_pipeline', 'log_mart_row_counts', 'manual__2026-06-02T02:47:56.651802+00:00', '--job-id', '21', '--raw', '--subdir', 'DAGS_FOLDER/hotel_booking_pipeline.py', '--cfg-path', '/tmp/tmpc3dqve7u']
[2026-06-02T02:57:10.007+0000] {standard_task_runner.py:72} INFO - Started process 242 to run task
[2026-06-02T02:57:10.007+0000] {standard_task_runner.py:105} INFO - Job 21: Subtask log_mart_row_counts
[2026-06-02T02:57:10.044+0000] {task_command.py:467} INFO - Running <TaskInstance: hotel_booking_pipeline.log_mart_row_counts manual__2026-06-02T02:47:56.651802+00:00 [running]> on host b9fbd04a225d
[2026-06-02T02:57:10.096+0000] {taskinstance.py:3134} INFO - Exporting env vars: AIRFLOW_CTX_DAG_OWNER='data-platform' AIRFLOW_CTX_DAG_ID='hotel_booking_pipeline' AIRFLOW_CTX_TASK_ID='log_mart_row_counts' AIRFLOW_CTX_EXECUTION_DATE='2026-06-02T02:47:56.651802+00:00' AIRFLOW_CTX_TRY_NUMBER='1' AIRFLOW_CTX_DAG_RUN_ID='manual__2026-06-02T02:47:56.651802+00:00'
[2026-06-02T02:57:10.097+0000] {taskinstance.py:732} INFO - ::endgroup::
[2026-06-02T02:57:10.185+0000] {logging_mixin.py:190} INFO - fact_bookings: 119,390 rows
[2026-06-02T02:57:10.197+0000] {logging_mixin.py:190} INFO - mart_daily_booking_revenue: 793 rows
[2026-06-02T02:57:10.208+0000] {logging_mixin.py:190} INFO - mart_monthly_booking_revenue: 26 rows
[2026-06-02T02:57:10.215+0000] {logging_mixin.py:190} INFO - mart_hotel_performance: 2 rows
[2026-06-02T02:57:10.222+0000] {logging_mixin.py:190} INFO - mart_room_performance: 75 rows
[2026-06-02T02:57:10.228+0000] {logging_mixin.py:190} INFO - mart_market_segment_performance: 8 rows
[2026-06-02T02:57:10.234+0000] {logging_mixin.py:190} INFO - mart_channel_performance: 5 rows
[2026-06-02T02:57:10.245+0000] {logging_mixin.py:190} INFO - mart_country_performance: 178 rows
[2026-06-02T02:57:10.250+0000] {logging_mixin.py:190} INFO - mart_cancellation_analysis: 256 rows
[2026-06-02T02:57:10.257+0000] {logging_mixin.py:190} INFO - mart_lead_time_analysis: 5 rows
[2026-06-02T02:57:10.262+0000] {logging_mixin.py:190} INFO - mart_customer_type_performance: 16 rows
[2026-06-02T02:57:10.262+0000] {python.py:240} INFO - Done. Returned value was: None
[2026-06-02T02:57:10.272+0000] {taskinstance.py:341} INFO - ::group::Post task execution logs
[2026-06-02T02:57:10.273+0000] {taskinstance.py:353} INFO - Marking task as SUCCESS. dag_id=hotel_booking_pipeline, task_id=log_mart_row_counts, run_id=manual__2026-06-02T02:47:56.651802+00:00, execution_date=20260602T024756, start_date=20260602T025709, end_date=20260602T025710
[2026-06-02T02:57:10.311+0000] {local_task_job_runner.py:266} INFO - Task exited with return code 0
[2026-06-02T02:57:10.324+0000] {taskinstance.py:3901} INFO - 0 downstream tasks scheduled from follow-on schedule check
[2026-06-02T02:57:10.324+0000] {local_task_job_runner.py:245} INFO - ::endgroup::
