[2026-06-12T11:36:06.600+0000] {local_task_job_runner.py:123} INFO - ::group::Pre task execution logs
[2026-06-12T11:36:06.643+0000] {taskinstance.py:2614} INFO - Dependencies all met for dep_context=non-requeueable deps ti=<TaskInstance: hotel_booking_pipeline.transformation.dbt_run manual__2026-06-12T11:27:50.193033+00:00 [queued]>
[2026-06-12T11:36:06.658+0000] {taskinstance.py:2614} INFO - Dependencies all met for dep_context=requeueable deps ti=<TaskInstance: hotel_booking_pipeline.transformation.dbt_run manual__2026-06-12T11:27:50.193033+00:00 [queued]>
[2026-06-12T11:36:06.658+0000] {taskinstance.py:2867} INFO - Starting attempt 1 of 2
[2026-06-12T11:36:06.670+0000] {taskinstance.py:2890} INFO - Executing <Task(PythonOperator): transformation.dbt_run> on 2026-06-12 11:27:50.193033+00:00
[2026-06-12T11:36:06.681+0000] {standard_task_runner.py:104} INFO - Running: ['***', 'tasks', 'run', 'hotel_booking_pipeline', 'transformation.dbt_run', 'manual__2026-06-12T11:27:50.193033+00:00', '--job-id', '86', '--raw', '--subdir', 'DAGS_FOLDER/hotel_booking_pipeline.py', '--cfg-path', '/tmp/tmpucgb7pda']
[2026-06-12T11:36:06.687+0000] {standard_task_runner.py:105} INFO - Job 86: Subtask transformation.dbt_run
[2026-06-12T11:36:06.686+0000] {logging_mixin.py:190} WARNING - /home/***/.local/lib/python3.12/site-packages/***/task/task_runner/standard_task_runner.py:70 DeprecationWarning: This process (pid=2034) is multi-threaded, use of fork() may lead to deadlocks in the child.
[2026-06-12T11:36:06.690+0000] {standard_task_runner.py:72} INFO - Started process 2035 to run task
[2026-06-12T11:36:06.754+0000] {task_command.py:467} INFO - Running <TaskInstance: hotel_booking_pipeline.transformation.dbt_run manual__2026-06-12T11:27:50.193033+00:00 [running]> on host d474afbfc391
[2026-06-12T11:36:06.840+0000] {taskinstance.py:3134} INFO - Exporting env vars: AIRFLOW_CTX_DAG_OWNER='data-platform' AIRFLOW_CTX_DAG_ID='hotel_booking_pipeline' AIRFLOW_CTX_TASK_ID='transformation.dbt_run' AIRFLOW_CTX_EXECUTION_DATE='2026-06-12T11:27:50.193033+00:00' AIRFLOW_CTX_TRY_NUMBER='1' AIRFLOW_CTX_DAG_RUN_ID='manual__2026-06-12T11:27:50.193033+00:00'
[2026-06-12T11:36:06.841+0000] {taskinstance.py:732} INFO - ::endgroup::
[2026-06-12T11:36:06.853+0000] {logging_mixin.py:190} INFO - Running command: dbt run --project-dir /opt/***/dbt/hotel_booking --profiles-dir /opt/***/dbt/hotel_booking --no-partial-parse --threads 1
[2026-06-12T11:36:34.635+0000] {job.py:229} INFO - Heartbeat recovered after 10.61 seconds
[2026-06-12T11:38:48.774+0000] {python.py:240} INFO - Done. Returned value was: None
[2026-06-12T11:38:49.276+0000] {taskinstance.py:341} INFO - ::group::Post task execution logs
[2026-06-12T11:38:49.293+0000] {taskinstance.py:353} INFO - Marking task as SUCCESS. dag_id=hotel_booking_pipeline, task_id=transformation.dbt_run, run_id=manual__2026-06-12T11:27:50.193033+00:00, execution_date=20260612T112750, start_date=20260612T113606, end_date=20260612T113849
[2026-06-12T11:38:49.774+0000] {local_task_job_runner.py:266} INFO - Task exited with return code 0
[2026-06-12T11:38:50.102+0000] {taskinstance.py:3901} INFO - 1 downstream tasks scheduled from follow-on schedule check
[2026-06-12T11:38:50.113+0000] {local_task_job_runner.py:245} INFO - ::endgroup::
