[2026-06-17T15:15:34.911+0000] {local_task_job_runner.py:123} INFO - ::group::Pre task execution logs
[2026-06-17T15:15:34.934+0000] {taskinstance.py:2614} INFO - Dependencies all met for dep_context=non-requeueable deps ti=<TaskInstance: hotel_booking_pipeline.precheck.generate_synthetic_batches __airflow_temporary_run_2026-06-17T15:15:24.847176+00:00__ [queued]>
[2026-06-17T15:15:34.940+0000] {taskinstance.py:2614} INFO - Dependencies all met for dep_context=requeueable deps ti=<TaskInstance: hotel_booking_pipeline.precheck.generate_synthetic_batches __airflow_temporary_run_2026-06-17T15:15:24.847176+00:00__ [queued]>
[2026-06-17T15:15:34.941+0000] {taskinstance.py:2867} INFO - Starting attempt 1 of 2
[2026-06-17T15:15:34.950+0000] {taskinstance.py:2890} INFO - Executing <Task(BashOperator): precheck.generate_synthetic_batches> on 2026-06-17 00:00:00+00:00
[2026-06-17T15:15:34.959+0000] {standard_task_runner.py:104} INFO - Running: ['***', 'tasks', 'run', 'hotel_booking_pipeline', 'precheck.generate_synthetic_batches', '__***_temporary_run_2026-06-17T15:15:24.847176+00:00__', '--job-id', '132', '--raw', '--subdir', 'DAGS_FOLDER/hotel_booking_pipeline.py', '--cfg-path', '/tmp/tmp9kvnazxf']
[2026-06-17T15:15:34.962+0000] {standard_task_runner.py:105} INFO - Job 132: Subtask precheck.generate_synthetic_batches
[2026-06-17T15:15:34.961+0000] {logging_mixin.py:190} WARNING - /home/***/.local/lib/python3.12/site-packages/***/task/task_runner/standard_task_runner.py:70 DeprecationWarning: This process (pid=6309) is multi-threaded, use of fork() may lead to deadlocks in the child.
[2026-06-17T15:15:34.963+0000] {standard_task_runner.py:72} INFO - Started process 6310 to run task
[2026-06-17T15:15:35.023+0000] {task_command.py:467} INFO - Running <TaskInstance: hotel_booking_pipeline.precheck.generate_synthetic_batches __airflow_temporary_run_2026-06-17T15:15:24.847176+00:00__ [running]> on host 5a05bbfd0b5c
[2026-06-17T15:15:35.197+0000] {taskinstance.py:3134} INFO - Exporting env vars: AIRFLOW_CTX_DAG_OWNER='data-platform' AIRFLOW_CTX_DAG_ID='hotel_booking_pipeline' AIRFLOW_CTX_TASK_ID='precheck.generate_synthetic_batches' AIRFLOW_CTX_EXECUTION_DATE='2026-06-17T00:00:00+00:00' AIRFLOW_CTX_TRY_NUMBER='1' AIRFLOW_CTX_DAG_RUN_ID='__***_temporary_run_2026-06-17T15:15:24.847176+00:00__'
[2026-06-17T15:15:35.198+0000] {taskinstance.py:732} INFO - ::endgroup::
[2026-06-17T15:15:35.217+0000] {subprocess.py:78} INFO - Tmp dir root location: /tmp
[2026-06-17T15:15:35.219+0000] {subprocess.py:88} INFO - Running command: ['/usr/bin/bash', '-c', 'python /opt/***/scripts/generate_synthetic_batches.py']
[2026-06-17T15:15:35.240+0000] {subprocess.py:99} INFO - Output:
[2026-06-17T15:15:52.045+0000] {subprocess.py:106} INFO - Wrote /opt/***/data/input/incremental_batches/batch_001_initial.csv (119,390 rows)
[2026-06-17T15:15:52.058+0000] {subprocess.py:106} INFO - Wrote /opt/***/data/input/incremental_batches/batch_002_updates.csv (17 rows)
[2026-06-17T15:15:52.059+0000] {subprocess.py:106} INFO - Wrote /opt/***/data/input/incremental_batches/batch_003_duplicate_replay.csv (15 rows)
[2026-06-17T15:15:52.059+0000] {subprocess.py:106} INFO - Wrote /opt/***/data/input/incremental_batches/batch_004_same_state.csv (1 rows)
[2026-06-17T15:15:52.059+0000] {subprocess.py:106} INFO - Wrote /opt/***/data/input/incremental_batches/batch_005_reverted_state.csv (1 rows)
[2026-06-17T15:15:52.070+0000] {subprocess.py:110} INFO - Command exited with return code 0
[2026-06-17T15:15:52.183+0000] {taskinstance.py:341} INFO - ::group::Post task execution logs
[2026-06-17T15:15:52.184+0000] {taskinstance.py:353} INFO - Marking task as SUCCESS. dag_id=hotel_booking_pipeline, task_id=precheck.generate_synthetic_batches, run_id=__***_temporary_run_2026-06-17T15:15:24.847176+00:00__, execution_date=20260617T000000, start_date=20260617T151534, end_date=20260617T151552
[2026-06-17T15:15:52.250+0000] {local_task_job_runner.py:266} INFO - Task exited with return code 0
[2026-06-17T15:15:52.323+0000] {taskinstance.py:3901} INFO - 1 downstream tasks scheduled from follow-on schedule check
[2026-06-17T15:15:52.325+0000] {local_task_job_runner.py:245} INFO - ::endgroup::
