[2026-06-02T06:22:26.164+0000] {local_task_job_runner.py:123} INFO - ::group::Pre task execution logs
[2026-06-02T06:22:26.180+0000] {taskinstance.py:2614} INFO - Dependencies all met for dep_context=non-requeueable deps ti=<TaskInstance: hotel_booking_pipeline.ingestion.load_raw_to_starrocks manual__2026-06-02T06:22:14.520718+00:00 [queued]>
[2026-06-02T06:22:26.188+0000] {taskinstance.py:2614} INFO - Dependencies all met for dep_context=requeueable deps ti=<TaskInstance: hotel_booking_pipeline.ingestion.load_raw_to_starrocks manual__2026-06-02T06:22:14.520718+00:00 [queued]>
[2026-06-02T06:22:26.188+0000] {taskinstance.py:2867} INFO - Starting attempt 1 of 2
[2026-06-02T06:22:26.203+0000] {taskinstance.py:2890} INFO - Executing <Task(BashOperator): ingestion.load_raw_to_starrocks> on 2026-06-02 06:22:14.520718+00:00
[2026-06-02T06:22:26.215+0000] {logging_mixin.py:190} WARNING - /home/***/.local/lib/python3.12/site-packages/***/task/task_runner/standard_task_runner.py:70 DeprecationWarning: This process (pid=141) is multi-threaded, use of fork() may lead to deadlocks in the child.
[2026-06-02T06:22:26.218+0000] {standard_task_runner.py:72} INFO - Started process 142 to run task
[2026-06-02T06:22:26.215+0000] {standard_task_runner.py:104} INFO - Running: ['***', 'tasks', 'run', 'hotel_booking_pipeline', 'ingestion.load_raw_to_starrocks', 'manual__2026-06-02T06:22:14.520718+00:00', '--job-id', '29', '--raw', '--subdir', 'DAGS_FOLDER/hotel_booking_pipeline.py', '--cfg-path', '/tmp/tmpfcyt_c7r']
[2026-06-02T06:22:26.221+0000] {standard_task_runner.py:105} INFO - Job 29: Subtask ingestion.load_raw_to_starrocks
[2026-06-02T06:22:26.263+0000] {task_command.py:467} INFO - Running <TaskInstance: hotel_booking_pipeline.ingestion.load_raw_to_starrocks manual__2026-06-02T06:22:14.520718+00:00 [running]> on host 7c9eda088651
[2026-06-02T06:22:26.506+0000] {taskinstance.py:3134} INFO - Exporting env vars: AIRFLOW_CTX_DAG_OWNER='data-platform' AIRFLOW_CTX_DAG_ID='hotel_booking_pipeline' AIRFLOW_CTX_TASK_ID='ingestion.load_raw_to_starrocks' AIRFLOW_CTX_EXECUTION_DATE='2026-06-02T06:22:14.520718+00:00' AIRFLOW_CTX_TRY_NUMBER='1' AIRFLOW_CTX_DAG_RUN_ID='manual__2026-06-02T06:22:14.520718+00:00'
[2026-06-02T06:22:26.511+0000] {taskinstance.py:732} INFO - ::endgroup::
[2026-06-02T06:22:26.537+0000] {subprocess.py:78} INFO - Tmp dir root location: /tmp
[2026-06-02T06:22:26.541+0000] {subprocess.py:88} INFO - Running command: ['/usr/bin/bash', '-c', 'python /opt/***/scripts/load_raw_to_starrocks.py --skip-upload --method auto']
[2026-06-02T06:22:26.577+0000] {subprocess.py:99} INFO - Output:
[2026-06-02T06:25:35.131+0000] {subprocess.py:106} INFO - Creating StarRocks database and raw table...
[2026-06-02T06:25:35.156+0000] {subprocess.py:106} INFO - Loading raw table with StarRocks INSERT ... FILES() from MinIO...
[2026-06-02T06:25:35.157+0000] {subprocess.py:106} INFO - Local CSV rows: 119,390
[2026-06-02T06:25:35.157+0000] {subprocess.py:106} INFO - StarRocks raw rows: 119,390
[2026-06-02T06:25:35.157+0000] {subprocess.py:106} INFO - Sample rows:
[2026-06-02T06:25:35.157+0000] {subprocess.py:106} INFO - ('Resort Hotel', '0', '2015', 'PRT', '0', 's3://hotel-booking-raw/hotel_booking_demand/hotel_bookings.csv', datetime.datetime(2026, 6, 2, 6, 22, 28))
[2026-06-02T06:25:35.157+0000] {subprocess.py:106} INFO - ('Resort Hotel', '0', '2015', 'PRT', '0', 's3://hotel-booking-raw/hotel_booking_demand/hotel_bookings.csv', datetime.datetime(2026, 6, 2, 6, 22, 28))
[2026-06-02T06:25:35.158+0000] {subprocess.py:106} INFO - ('Resort Hotel', '0', '2015', 'GBR', '75', 's3://hotel-booking-raw/hotel_booking_demand/hotel_bookings.csv', datetime.datetime(2026, 6, 2, 6, 22, 28))
[2026-06-02T06:25:35.158+0000] {subprocess.py:106} INFO - ('Resort Hotel', '0', '2015', 'GBR', '75', 's3://hotel-booking-raw/hotel_booking_demand/hotel_bookings.csv', datetime.datetime(2026, 6, 2, 6, 22, 28))
[2026-06-02T06:25:35.159+0000] {subprocess.py:106} INFO - ('Resort Hotel', '0', '2015', 'GBR', '98', 's3://hotel-booking-raw/hotel_booking_demand/hotel_bookings.csv', datetime.datetime(2026, 6, 2, 6, 22, 28))
[2026-06-02T06:25:35.302+0000] {subprocess.py:110} INFO - Command exited with return code 0
[2026-06-02T06:25:35.439+0000] {taskinstance.py:341} INFO - ::group::Post task execution logs
[2026-06-02T06:25:35.440+0000] {taskinstance.py:353} INFO - Marking task as SUCCESS. dag_id=hotel_booking_pipeline, task_id=ingestion.load_raw_to_starrocks, run_id=manual__2026-06-02T06:22:14.520718+00:00, execution_date=20260602T062214, start_date=20260602T062226, end_date=20260602T062535
[2026-06-02T06:25:35.495+0000] {local_task_job_runner.py:266} INFO - Task exited with return code 0
[2026-06-02T06:25:35.536+0000] {taskinstance.py:3901} INFO - 1 downstream tasks scheduled from follow-on schedule check
[2026-06-02T06:25:35.537+0000] {local_task_job_runner.py:245} INFO - ::endgroup::
