[2026-06-02T06:22:20.946+0000] {local_task_job_runner.py:123} INFO - ::group::Pre task execution logs
[2026-06-02T06:22:20.960+0000] {taskinstance.py:2614} INFO - Dependencies all met for dep_context=non-requeueable deps ti=<TaskInstance: hotel_booking_pipeline.ingestion.upload_csv_to_minio manual__2026-06-02T06:22:14.520718+00:00 [queued]>
[2026-06-02T06:22:20.964+0000] {taskinstance.py:2614} INFO - Dependencies all met for dep_context=requeueable deps ti=<TaskInstance: hotel_booking_pipeline.ingestion.upload_csv_to_minio manual__2026-06-02T06:22:14.520718+00:00 [queued]>
[2026-06-02T06:22:20.965+0000] {taskinstance.py:2867} INFO - Starting attempt 1 of 2
[2026-06-02T06:22:20.970+0000] {taskinstance.py:2890} INFO - Executing <Task(BashOperator): ingestion.upload_csv_to_minio> on 2026-06-02 06:22:14.520718+00:00
[2026-06-02T06:22:20.975+0000] {logging_mixin.py:190} WARNING - /home/***/.local/lib/python3.12/site-packages/***/task/task_runner/standard_task_runner.py:70 DeprecationWarning: This process (pid=125) is multi-threaded, use of fork() may lead to deadlocks in the child.
[2026-06-02T06:22:20.975+0000] {standard_task_runner.py:104} INFO - Running: ['***', 'tasks', 'run', 'hotel_booking_pipeline', 'ingestion.upload_csv_to_minio', 'manual__2026-06-02T06:22:14.520718+00:00', '--job-id', '25', '--raw', '--subdir', 'DAGS_FOLDER/hotel_booking_pipeline.py', '--cfg-path', '/tmp/tmpmddx6z4i']
[2026-06-02T06:22:20.976+0000] {standard_task_runner.py:105} INFO - Job 25: Subtask ingestion.upload_csv_to_minio
[2026-06-02T06:22:20.976+0000] {standard_task_runner.py:72} INFO - Started process 126 to run task
[2026-06-02T06:22:21.011+0000] {task_command.py:467} INFO - Running <TaskInstance: hotel_booking_pipeline.ingestion.upload_csv_to_minio manual__2026-06-02T06:22:14.520718+00:00 [running]> on host 7c9eda088651
[2026-06-02T06:22:21.072+0000] {taskinstance.py:3134} INFO - Exporting env vars: AIRFLOW_CTX_DAG_OWNER='data-platform' AIRFLOW_CTX_DAG_ID='hotel_booking_pipeline' AIRFLOW_CTX_TASK_ID='ingestion.upload_csv_to_minio' AIRFLOW_CTX_EXECUTION_DATE='2026-06-02T06:22:14.520718+00:00' AIRFLOW_CTX_TRY_NUMBER='1' AIRFLOW_CTX_DAG_RUN_ID='manual__2026-06-02T06:22:14.520718+00:00'
[2026-06-02T06:22:21.073+0000] {taskinstance.py:732} INFO - ::endgroup::
[2026-06-02T06:22:21.083+0000] {subprocess.py:78} INFO - Tmp dir root location: /tmp
[2026-06-02T06:22:21.085+0000] {subprocess.py:88} INFO - Running command: ['/usr/bin/bash', '-c', 'python /opt/***/scripts/upload_to_minio.py']
[2026-06-02T06:22:21.091+0000] {subprocess.py:99} INFO - Output:
[2026-06-02T06:22:21.942+0000] {subprocess.py:106} INFO - Uploaded /opt/***/data/input/hotel_bookings.csv -> s3://hotel-booking-raw/hotel_booking_demand/hotel_bookings.csv
[2026-06-02T06:22:21.956+0000] {subprocess.py:110} INFO - Command exited with return code 0
[2026-06-02T06:22:21.983+0000] {taskinstance.py:341} INFO - ::group::Post task execution logs
[2026-06-02T06:22:21.984+0000] {taskinstance.py:353} INFO - Marking task as SUCCESS. dag_id=hotel_booking_pipeline, task_id=ingestion.upload_csv_to_minio, run_id=manual__2026-06-02T06:22:14.520718+00:00, execution_date=20260602T062214, start_date=20260602T062220, end_date=20260602T062221
[2026-06-02T06:22:22.027+0000] {local_task_job_runner.py:266} INFO - Task exited with return code 0
[2026-06-02T06:22:22.057+0000] {taskinstance.py:3901} INFO - 1 downstream tasks scheduled from follow-on schedule check
[2026-06-02T06:22:22.058+0000] {local_task_job_runner.py:245} INFO - ::endgroup::
