[2026-06-02T02:48:02.518+0000] {local_task_job_runner.py:123} INFO - ::group::Pre task execution logs
[2026-06-02T02:48:02.542+0000] {taskinstance.py:2614} INFO - Dependencies all met for dep_context=non-requeueable deps ti=<TaskInstance: hotel_booking_pipeline.upload_csv_to_minio manual__2026-06-02T02:47:56.651802+00:00 [queued]>
[2026-06-02T02:48:02.549+0000] {taskinstance.py:2614} INFO - Dependencies all met for dep_context=requeueable deps ti=<TaskInstance: hotel_booking_pipeline.upload_csv_to_minio manual__2026-06-02T02:47:56.651802+00:00 [queued]>
[2026-06-02T02:48:02.549+0000] {taskinstance.py:2867} INFO - Starting attempt 1 of 2
[2026-06-02T02:48:02.558+0000] {taskinstance.py:2890} INFO - Executing <Task(BashOperator): upload_csv_to_minio> on 2026-06-02 02:47:56.651802+00:00
[2026-06-02T02:48:02.565+0000] {standard_task_runner.py:104} INFO - Running: ['***', 'tasks', 'run', 'hotel_booking_pipeline', 'upload_csv_to_minio', 'manual__2026-06-02T02:47:56.651802+00:00', '--job-id', '10', '--raw', '--subdir', 'DAGS_FOLDER/hotel_booking_pipeline.py', '--cfg-path', '/tmp/tmpmz48j3zu']
[2026-06-02T02:48:02.568+0000] {standard_task_runner.py:105} INFO - Job 10: Subtask upload_csv_to_minio
[2026-06-02T02:48:02.567+0000] {logging_mixin.py:190} WARNING - /home/***/.local/lib/python3.12/site-packages/***/task/task_runner/standard_task_runner.py:70 DeprecationWarning: This process (pid=90) is multi-threaded, use of fork() may lead to deadlocks in the child.
[2026-06-02T02:48:02.570+0000] {standard_task_runner.py:72} INFO - Started process 91 to run task
[2026-06-02T02:48:02.647+0000] {task_command.py:467} INFO - Running <TaskInstance: hotel_booking_pipeline.upload_csv_to_minio manual__2026-06-02T02:47:56.651802+00:00 [running]> on host b9fbd04a225d
[2026-06-02T02:48:02.713+0000] {taskinstance.py:3134} INFO - Exporting env vars: AIRFLOW_CTX_DAG_OWNER='data-platform' AIRFLOW_CTX_DAG_ID='hotel_booking_pipeline' AIRFLOW_CTX_TASK_ID='upload_csv_to_minio' AIRFLOW_CTX_EXECUTION_DATE='2026-06-02T02:47:56.651802+00:00' AIRFLOW_CTX_TRY_NUMBER='1' AIRFLOW_CTX_DAG_RUN_ID='manual__2026-06-02T02:47:56.651802+00:00'
[2026-06-02T02:48:02.713+0000] {taskinstance.py:732} INFO - ::endgroup::
[2026-06-02T02:48:02.722+0000] {subprocess.py:78} INFO - Tmp dir root location: /tmp
[2026-06-02T02:48:02.723+0000] {subprocess.py:88} INFO - Running command: ['/usr/bin/bash', '-c', 'python /opt/***/scripts/upload_to_minio.py']
[2026-06-02T02:48:02.733+0000] {subprocess.py:99} INFO - Output:
[2026-06-02T02:48:03.507+0000] {subprocess.py:106} INFO - Uploaded /opt/***/data/input/hotel_bookings.csv -> s3://hotel-booking-raw/hotel_booking_demand/hotel_bookings.csv
[2026-06-02T02:48:03.523+0000] {subprocess.py:110} INFO - Command exited with return code 0
[2026-06-02T02:48:03.548+0000] {taskinstance.py:341} INFO - ::group::Post task execution logs
[2026-06-02T02:48:03.549+0000] {taskinstance.py:353} INFO - Marking task as SUCCESS. dag_id=hotel_booking_pipeline, task_id=upload_csv_to_minio, run_id=manual__2026-06-02T02:47:56.651802+00:00, execution_date=20260602T024756, start_date=20260602T024802, end_date=20260602T024803
[2026-06-02T02:48:03.581+0000] {local_task_job_runner.py:266} INFO - Task exited with return code 0
[2026-06-02T02:48:03.618+0000] {taskinstance.py:3901} INFO - 1 downstream tasks scheduled from follow-on schedule check
[2026-06-02T02:48:03.619+0000] {local_task_job_runner.py:245} INFO - ::endgroup::
