[2026-06-12T11:29:36.755+0000] {local_task_job_runner.py:123} INFO - ::group::Pre task execution logs
[2026-06-12T11:29:36.942+0000] {taskinstance.py:2614} INFO - Dependencies all met for dep_context=non-requeueable deps ti=<TaskInstance: hotel_booking_pipeline.ingestion.wait_for_starrocks manual__2026-06-12T11:23:56.033659+00:00 [queued]>
[2026-06-12T11:29:36.981+0000] {taskinstance.py:2614} INFO - Dependencies all met for dep_context=requeueable deps ti=<TaskInstance: hotel_booking_pipeline.ingestion.wait_for_starrocks manual__2026-06-12T11:23:56.033659+00:00 [queued]>
[2026-06-12T11:29:36.982+0000] {taskinstance.py:2867} INFO - Starting attempt 1 of 4
[2026-06-12T11:29:37.024+0000] {taskinstance.py:2890} INFO - Executing <Task(PythonOperator): ingestion.wait_for_starrocks> on 2026-06-12 11:23:56.033659+00:00
[2026-06-12T11:29:37.045+0000] {standard_task_runner.py:104} INFO - Running: ['***', 'tasks', 'run', 'hotel_booking_pipeline', 'ingestion.wait_for_starrocks', 'manual__2026-06-12T11:23:56.033659+00:00', '--job-id', '66', '--raw', '--subdir', 'DAGS_FOLDER/hotel_booking_pipeline.py', '--cfg-path', '/tmp/tmpr0sres4l']
[2026-06-12T11:29:37.057+0000] {standard_task_runner.py:105} INFO - Job 66: Subtask ingestion.wait_for_starrocks
[2026-06-12T11:29:37.067+0000] {logging_mixin.py:190} WARNING - /home/***/.local/lib/python3.12/site-packages/***/task/task_runner/standard_task_runner.py:70 DeprecationWarning: This process (pid=1676) is multi-threaded, use of fork() may lead to deadlocks in the child.
[2026-06-12T11:29:37.069+0000] {standard_task_runner.py:72} INFO - Started process 1677 to run task
[2026-06-12T11:29:37.208+0000] {task_command.py:467} INFO - Running <TaskInstance: hotel_booking_pipeline.ingestion.wait_for_starrocks manual__2026-06-12T11:23:56.033659+00:00 [running]> on host d474afbfc391
[2026-06-12T11:29:37.353+0000] {taskinstance.py:3134} INFO - Exporting env vars: AIRFLOW_CTX_DAG_OWNER='data-platform' AIRFLOW_CTX_DAG_ID='hotel_booking_pipeline' AIRFLOW_CTX_TASK_ID='ingestion.wait_for_starrocks' AIRFLOW_CTX_EXECUTION_DATE='2026-06-12T11:23:56.033659+00:00' AIRFLOW_CTX_TRY_NUMBER='1' AIRFLOW_CTX_DAG_RUN_ID='manual__2026-06-12T11:23:56.033659+00:00'
[2026-06-12T11:29:37.355+0000] {taskinstance.py:732} INFO - ::endgroup::
[2026-06-12T11:29:37.394+0000] {logging_mixin.py:190} INFO - StarRocks is reachable at starrocks:9030
[2026-06-12T11:29:37.870+0000] {logging_mixin.py:190} INFO - StarRocks query check returned: 1
[2026-06-12T11:29:37.883+0000] {python.py:240} INFO - Done. Returned value was: None
[2026-06-12T11:29:37.998+0000] {taskinstance.py:341} INFO - ::group::Post task execution logs
[2026-06-12T11:29:38.000+0000] {taskinstance.py:353} INFO - Marking task as SUCCESS. dag_id=hotel_booking_pipeline, task_id=ingestion.wait_for_starrocks, run_id=manual__2026-06-12T11:23:56.033659+00:00, execution_date=20260612T112356, start_date=20260612T112936, end_date=20260612T112937
[2026-06-12T11:29:38.198+0000] {local_task_job_runner.py:266} INFO - Task exited with return code 0
[2026-06-12T11:29:38.337+0000] {taskinstance.py:3901} INFO - 1 downstream tasks scheduled from follow-on schedule check
[2026-06-12T11:29:38.349+0000] {local_task_job_runner.py:245} INFO - ::endgroup::
