[2026-06-17T11:04:41.620+0000] {local_task_job_runner.py:123} INFO - ::group::Pre task execution logs
[2026-06-17T11:04:41.652+0000] {taskinstance.py:2614} INFO - Dependencies all met for dep_context=non-requeueable deps ti=<TaskInstance: hotel_booking_pipeline.ingestion.wait_for_starrocks manual__2026-06-14T14:48:47.339540+00:00 [queued]>
[2026-06-17T11:04:41.667+0000] {taskinstance.py:2614} INFO - Dependencies all met for dep_context=requeueable deps ti=<TaskInstance: hotel_booking_pipeline.ingestion.wait_for_starrocks manual__2026-06-14T14:48:47.339540+00:00 [queued]>
[2026-06-17T11:04:41.667+0000] {taskinstance.py:2867} INFO - Starting attempt 2 of 5
[2026-06-17T11:04:41.704+0000] {taskinstance.py:2890} INFO - Executing <Task(PythonOperator): ingestion.wait_for_starrocks> on 2026-06-14 14:48:47.339540+00:00
[2026-06-17T11:04:41.713+0000] {standard_task_runner.py:104} INFO - Running: ['***', 'tasks', 'run', 'hotel_booking_pipeline', 'ingestion.wait_for_starrocks', 'manual__2026-06-14T14:48:47.339540+00:00', '--job-id', '116', '--raw', '--subdir', 'DAGS_FOLDER/hotel_booking_pipeline.py', '--cfg-path', '/tmp/tmpkr825b9i']
[2026-06-17T11:04:41.722+0000] {standard_task_runner.py:105} INFO - Job 116: Subtask ingestion.wait_for_starrocks
[2026-06-17T11:04:41.738+0000] {logging_mixin.py:190} WARNING - /home/***/.local/lib/python3.12/site-packages/***/task/task_runner/standard_task_runner.py:70 DeprecationWarning: This process (pid=3623) is multi-threaded, use of fork() may lead to deadlocks in the child.
[2026-06-17T11:04:41.739+0000] {standard_task_runner.py:72} INFO - Started process 3624 to run task
[2026-06-17T11:04:41.851+0000] {task_command.py:467} INFO - Running <TaskInstance: hotel_booking_pipeline.ingestion.wait_for_starrocks manual__2026-06-14T14:48:47.339540+00:00 [running]> on host 5a05bbfd0b5c
[2026-06-17T11:04:41.956+0000] {taskinstance.py:3134} INFO - Exporting env vars: AIRFLOW_CTX_DAG_OWNER='data-platform' AIRFLOW_CTX_DAG_ID='hotel_booking_pipeline' AIRFLOW_CTX_TASK_ID='ingestion.wait_for_starrocks' AIRFLOW_CTX_EXECUTION_DATE='2026-06-14T14:48:47.339540+00:00' AIRFLOW_CTX_TRY_NUMBER='2' AIRFLOW_CTX_DAG_RUN_ID='manual__2026-06-14T14:48:47.339540+00:00'
[2026-06-17T11:04:41.957+0000] {taskinstance.py:732} INFO - ::endgroup::
[2026-06-17T11:04:41.991+0000] {logging_mixin.py:190} INFO - StarRocks is reachable at starrocks:9030
[2026-06-17T11:04:42.291+0000] {logging_mixin.py:190} INFO - StarRocks query check returned: 1
[2026-06-17T11:04:42.292+0000] {python.py:240} INFO - Done. Returned value was: None
[2026-06-17T11:04:42.308+0000] {taskinstance.py:341} INFO - ::group::Post task execution logs
[2026-06-17T11:04:42.308+0000] {taskinstance.py:353} INFO - Marking task as SUCCESS. dag_id=hotel_booking_pipeline, task_id=ingestion.wait_for_starrocks, run_id=manual__2026-06-14T14:48:47.339540+00:00, execution_date=20260614T144847, start_date=20260617T110441, end_date=20260617T110442
[2026-06-17T11:04:42.350+0000] {local_task_job_runner.py:266} INFO - Task exited with return code 0
[2026-06-17T11:04:42.402+0000] {taskinstance.py:3901} INFO - 1 downstream tasks scheduled from follow-on schedule check
[2026-06-17T11:04:42.404+0000] {local_task_job_runner.py:245} INFO - ::endgroup::
