[2026-06-02T06:25:38.074+0000] {local_task_job_runner.py:123} INFO - ::group::Pre task execution logs
[2026-06-02T06:25:38.091+0000] {taskinstance.py:2614} INFO - Dependencies all met for dep_context=non-requeueable deps ti=<TaskInstance: hotel_booking_pipeline.transformation.dbt_debug manual__2026-06-02T06:22:14.520718+00:00 [queued]>
[2026-06-02T06:25:38.097+0000] {taskinstance.py:2614} INFO - Dependencies all met for dep_context=requeueable deps ti=<TaskInstance: hotel_booking_pipeline.transformation.dbt_debug manual__2026-06-02T06:22:14.520718+00:00 [queued]>
[2026-06-02T06:25:38.097+0000] {taskinstance.py:2867} INFO - Starting attempt 1 of 2
[2026-06-02T06:25:38.103+0000] {taskinstance.py:2890} INFO - Executing <Task(PythonOperator): transformation.dbt_debug> on 2026-06-02 06:22:14.520718+00:00
[2026-06-02T06:25:38.112+0000] {logging_mixin.py:190} WARNING - /home/***/.local/lib/python3.12/site-packages/***/task/task_runner/standard_task_runner.py:70 DeprecationWarning: This process (pid=183) is multi-threaded, use of fork() may lead to deadlocks in the child.
[2026-06-02T06:25:38.110+0000] {standard_task_runner.py:104} INFO - Running: ['***', 'tasks', 'run', 'hotel_booking_pipeline', 'transformation.dbt_debug', 'manual__2026-06-02T06:22:14.520718+00:00', '--job-id', '31', '--raw', '--subdir', 'DAGS_FOLDER/hotel_booking_pipeline.py', '--cfg-path', '/tmp/tmpijgieurn']
[2026-06-02T06:25:38.114+0000] {standard_task_runner.py:105} INFO - Job 31: Subtask transformation.dbt_debug
[2026-06-02T06:25:38.114+0000] {standard_task_runner.py:72} INFO - Started process 184 to run task
[2026-06-02T06:25:38.163+0000] {task_command.py:467} INFO - Running <TaskInstance: hotel_booking_pipeline.transformation.dbt_debug manual__2026-06-02T06:22:14.520718+00:00 [running]> on host 7c9eda088651
[2026-06-02T06:25:38.216+0000] {taskinstance.py:3134} INFO - Exporting env vars: AIRFLOW_CTX_DAG_OWNER='data-platform' AIRFLOW_CTX_DAG_ID='hotel_booking_pipeline' AIRFLOW_CTX_TASK_ID='transformation.dbt_debug' AIRFLOW_CTX_EXECUTION_DATE='2026-06-02T06:22:14.520718+00:00' AIRFLOW_CTX_TRY_NUMBER='1' AIRFLOW_CTX_DAG_RUN_ID='manual__2026-06-02T06:22:14.520718+00:00'
[2026-06-02T06:25:38.218+0000] {taskinstance.py:732} INFO - ::endgroup::
[2026-06-02T06:25:38.227+0000] {logging_mixin.py:190} INFO - Running command: dbt debug --project-dir /opt/***/dbt/hotel_booking --profiles-dir /opt/***/dbt/hotel_booking
[2026-06-02T06:25:42.992+0000] {python.py:240} INFO - Done. Returned value was: None
[2026-06-02T06:25:43.024+0000] {taskinstance.py:341} INFO - ::group::Post task execution logs
[2026-06-02T06:25:43.025+0000] {taskinstance.py:353} INFO - Marking task as SUCCESS. dag_id=hotel_booking_pipeline, task_id=transformation.dbt_debug, run_id=manual__2026-06-02T06:22:14.520718+00:00, execution_date=20260602T062214, start_date=20260602T062538, end_date=20260602T062543
[2026-06-02T06:25:43.076+0000] {local_task_job_runner.py:266} INFO - Task exited with return code 0
[2026-06-02T06:25:43.114+0000] {taskinstance.py:3901} INFO - 1 downstream tasks scheduled from follow-on schedule check
[2026-06-02T06:25:43.115+0000] {local_task_job_runner.py:245} INFO - ::endgroup::
[2026-06-02T06:25:43.120+0000] {standard_task_runner.py:217} INFO - Process not found (most likely exited), stop collecting metrics
