[2026-06-14T14:49:25.175+0000] {local_task_job_runner.py:123} INFO - ::group::Pre task execution logs
[2026-06-14T14:49:25.214+0000] {taskinstance.py:2614} INFO - Dependencies all met for dep_context=non-requeueable deps ti=<TaskInstance: hotel_booking_pipeline.ingestion.upload_batches_to_minio manual__2026-06-14T14:48:47.339540+00:00 [queued]>
[2026-06-14T14:49:25.229+0000] {taskinstance.py:2614} INFO - Dependencies all met for dep_context=requeueable deps ti=<TaskInstance: hotel_booking_pipeline.ingestion.upload_batches_to_minio manual__2026-06-14T14:48:47.339540+00:00 [queued]>
[2026-06-14T14:49:25.229+0000] {taskinstance.py:2867} INFO - Starting attempt 1 of 2
[2026-06-14T14:49:25.250+0000] {taskinstance.py:2890} INFO - Executing <Task(BashOperator): ingestion.upload_batches_to_minio> on 2026-06-14 14:48:47.339540+00:00
[2026-06-14T14:49:25.265+0000] {standard_task_runner.py:104} INFO - Running: ['***', 'tasks', 'run', 'hotel_booking_pipeline', 'ingestion.upload_batches_to_minio', 'manual__2026-06-14T14:48:47.339540+00:00', '--job-id', '95', '--raw', '--subdir', 'DAGS_FOLDER/hotel_booking_pipeline.py', '--cfg-path', '/tmp/tmp_9m9rv_3']
[2026-06-14T14:49:25.274+0000] {standard_task_runner.py:105} INFO - Job 95: Subtask ingestion.upload_batches_to_minio
[2026-06-14T14:49:25.273+0000] {logging_mixin.py:190} WARNING - /home/***/.local/lib/python3.12/site-packages/***/task/task_runner/standard_task_runner.py:70 DeprecationWarning: This process (pid=113) is multi-threaded, use of fork() may lead to deadlocks in the child.
[2026-06-14T14:49:25.279+0000] {standard_task_runner.py:72} INFO - Started process 114 to run task
[2026-06-14T14:49:25.392+0000] {task_command.py:467} INFO - Running <TaskInstance: hotel_booking_pipeline.ingestion.upload_batches_to_minio manual__2026-06-14T14:48:47.339540+00:00 [running]> on host a888e49c7c43
[2026-06-14T14:49:25.674+0000] {taskinstance.py:3134} INFO - Exporting env vars: AIRFLOW_CTX_DAG_OWNER='data-platform' AIRFLOW_CTX_DAG_ID='hotel_booking_pipeline' AIRFLOW_CTX_TASK_ID='ingestion.upload_batches_to_minio' AIRFLOW_CTX_EXECUTION_DATE='2026-06-14T14:48:47.339540+00:00' AIRFLOW_CTX_TRY_NUMBER='1' AIRFLOW_CTX_DAG_RUN_ID='manual__2026-06-14T14:48:47.339540+00:00'
[2026-06-14T14:49:25.681+0000] {taskinstance.py:732} INFO - ::endgroup::
[2026-06-14T14:49:25.748+0000] {subprocess.py:78} INFO - Tmp dir root location: /tmp
[2026-06-14T14:49:25.755+0000] {subprocess.py:88} INFO - Running command: ['/usr/bin/bash', '-c', 'python /opt/***/scripts/upload_incremental_batches_to_minio.py']
[2026-06-14T14:49:25.820+0000] {subprocess.py:99} INFO - Output:
[2026-06-14T14:49:28.401+0000] {subprocess.py:106} INFO - Uploaded /opt/***/data/input/incremental_batches/batch_001_initial.csv -> s3://hotel-booking-raw/hotel_booking_demand/incremental_batches/batch_001_initial.csv
[2026-06-14T14:49:28.413+0000] {subprocess.py:106} INFO - Uploaded /opt/***/data/input/incremental_batches/batch_002_updates.csv -> s3://hotel-booking-raw/hotel_booking_demand/incremental_batches/batch_002_updates.csv
[2026-06-14T14:49:28.414+0000] {subprocess.py:106} INFO - Uploaded /opt/***/data/input/incremental_batches/batch_003_duplicate_replay.csv -> s3://hotel-booking-raw/hotel_booking_demand/incremental_batches/batch_003_duplicate_replay.csv
[2026-06-14T14:49:28.414+0000] {subprocess.py:106} INFO - Uploaded /opt/***/data/input/incremental_batches/batch_004_same_state.csv -> s3://hotel-booking-raw/hotel_booking_demand/incremental_batches/batch_004_same_state.csv
[2026-06-14T14:49:28.414+0000] {subprocess.py:106} INFO - Uploaded /opt/***/data/input/incremental_batches/batch_005_reverted_state.csv -> s3://hotel-booking-raw/hotel_booking_demand/incremental_batches/batch_005_reverted_state.csv
[2026-06-14T14:49:28.470+0000] {subprocess.py:110} INFO - Command exited with return code 0
[2026-06-14T14:49:28.564+0000] {taskinstance.py:341} INFO - ::group::Post task execution logs
[2026-06-14T14:49:28.567+0000] {taskinstance.py:353} INFO - Marking task as SUCCESS. dag_id=hotel_booking_pipeline, task_id=ingestion.upload_batches_to_minio, run_id=manual__2026-06-14T14:48:47.339540+00:00, execution_date=20260614T144847, start_date=20260614T144925, end_date=20260614T144928
[2026-06-14T14:49:28.643+0000] {local_task_job_runner.py:266} INFO - Task exited with return code 0
[2026-06-14T14:49:28.744+0000] {taskinstance.py:3901} INFO - 1 downstream tasks scheduled from follow-on schedule check
[2026-06-14T14:49:28.748+0000] {local_task_job_runner.py:245} INFO - ::endgroup::
