[2026-06-17T11:03:18.497+0000] {local_task_job_runner.py:123} INFO - ::group::Pre task execution logs
[2026-06-17T11:03:18.510+0000] {taskinstance.py:2614} INFO - Dependencies all met for dep_context=non-requeueable deps ti=<TaskInstance: hotel_booking_pipeline.ingestion.upload_batches_to_minio manual__2026-06-14T14:48:47.339540+00:00 [queued]>
[2026-06-17T11:03:18.514+0000] {taskinstance.py:2614} INFO - Dependencies all met for dep_context=requeueable deps ti=<TaskInstance: hotel_booking_pipeline.ingestion.upload_batches_to_minio manual__2026-06-14T14:48:47.339540+00:00 [queued]>
[2026-06-17T11:03:18.515+0000] {taskinstance.py:2867} INFO - Starting attempt 2 of 3
[2026-06-17T11:03:18.520+0000] {taskinstance.py:2890} INFO - Executing <Task(BashOperator): ingestion.upload_batches_to_minio> on 2026-06-14 14:48:47.339540+00:00
[2026-06-17T11:03:18.524+0000] {logging_mixin.py:190} WARNING - /home/***/.local/lib/python3.12/site-packages/***/task/task_runner/standard_task_runner.py:70 DeprecationWarning: This process (pid=3392) is multi-threaded, use of fork() may lead to deadlocks in the child.
[2026-06-17T11:03:18.524+0000] {standard_task_runner.py:104} INFO - Running: ['***', 'tasks', 'run', 'hotel_booking_pipeline', 'ingestion.upload_batches_to_minio', 'manual__2026-06-14T14:48:47.339540+00:00', '--job-id', '113', '--raw', '--subdir', 'DAGS_FOLDER/hotel_booking_pipeline.py', '--cfg-path', '/tmp/tmpthg6h9_d']
[2026-06-17T11:03:18.525+0000] {standard_task_runner.py:105} INFO - Job 113: Subtask ingestion.upload_batches_to_minio
[2026-06-17T11:03:18.525+0000] {standard_task_runner.py:72} INFO - Started process 3393 to run task
[2026-06-17T11:03:18.555+0000] {task_command.py:467} INFO - Running <TaskInstance: hotel_booking_pipeline.ingestion.upload_batches_to_minio manual__2026-06-14T14:48:47.339540+00:00 [running]> on host 5a05bbfd0b5c
[2026-06-17T11:03:18.608+0000] {taskinstance.py:3134} INFO - Exporting env vars: AIRFLOW_CTX_DAG_OWNER='data-platform' AIRFLOW_CTX_DAG_ID='hotel_booking_pipeline' AIRFLOW_CTX_TASK_ID='ingestion.upload_batches_to_minio' AIRFLOW_CTX_EXECUTION_DATE='2026-06-14T14:48:47.339540+00:00' AIRFLOW_CTX_TRY_NUMBER='2' AIRFLOW_CTX_DAG_RUN_ID='manual__2026-06-14T14:48:47.339540+00:00'
[2026-06-17T11:03:18.609+0000] {taskinstance.py:732} INFO - ::endgroup::
[2026-06-17T11:03:18.616+0000] {subprocess.py:78} INFO - Tmp dir root location: /tmp
[2026-06-17T11:03:18.617+0000] {subprocess.py:88} INFO - Running command: ['/usr/bin/bash', '-c', 'python /opt/***/scripts/upload_incremental_batches_to_minio.py']
[2026-06-17T11:03:18.624+0000] {subprocess.py:99} INFO - Output:
[2026-06-17T11:03:20.027+0000] {subprocess.py:106} INFO - Uploaded /opt/***/data/input/incremental_batches/batch_001_initial.csv -> s3://hotel-booking-raw/hotel_booking_demand/incremental_batches/batch_001_initial.csv
[2026-06-17T11:03:20.031+0000] {subprocess.py:106} INFO - Uploaded /opt/***/data/input/incremental_batches/batch_002_updates.csv -> s3://hotel-booking-raw/hotel_booking_demand/incremental_batches/batch_002_updates.csv
[2026-06-17T11:03:20.032+0000] {subprocess.py:106} INFO - Uploaded /opt/***/data/input/incremental_batches/batch_003_duplicate_replay.csv -> s3://hotel-booking-raw/hotel_booking_demand/incremental_batches/batch_003_duplicate_replay.csv
[2026-06-17T11:03:20.032+0000] {subprocess.py:106} INFO - Uploaded /opt/***/data/input/incremental_batches/batch_004_same_state.csv -> s3://hotel-booking-raw/hotel_booking_demand/incremental_batches/batch_004_same_state.csv
[2026-06-17T11:03:20.032+0000] {subprocess.py:106} INFO - Uploaded /opt/***/data/input/incremental_batches/batch_005_reverted_state.csv -> s3://hotel-booking-raw/hotel_booking_demand/incremental_batches/batch_005_reverted_state.csv
[2026-06-17T11:03:20.058+0000] {subprocess.py:110} INFO - Command exited with return code 0
[2026-06-17T11:03:20.130+0000] {taskinstance.py:341} INFO - ::group::Post task execution logs
[2026-06-17T11:03:20.131+0000] {taskinstance.py:353} INFO - Marking task as SUCCESS. dag_id=hotel_booking_pipeline, task_id=ingestion.upload_batches_to_minio, run_id=manual__2026-06-14T14:48:47.339540+00:00, execution_date=20260614T144847, start_date=20260617T110318, end_date=20260617T110320
[2026-06-17T11:03:20.203+0000] {local_task_job_runner.py:266} INFO - Task exited with return code 0
[2026-06-17T11:03:20.247+0000] {taskinstance.py:3901} INFO - 1 downstream tasks scheduled from follow-on schedule check
[2026-06-17T11:03:20.248+0000] {local_task_job_runner.py:245} INFO - ::endgroup::
