[2026-06-12T11:21:30.899+0000] {local_task_job_runner.py:123} INFO - ::group::Pre task execution logs
[2026-06-12T11:21:30.970+0000] {taskinstance.py:2614} INFO - Dependencies all met for dep_context=non-requeueable deps ti=<TaskInstance: hotel_booking_pipeline.ingestion.wait_for_starrocks manual__2026-06-12T10:29:13+00:00 [queued]>
[2026-06-12T11:21:30.984+0000] {taskinstance.py:2614} INFO - Dependencies all met for dep_context=requeueable deps ti=<TaskInstance: hotel_booking_pipeline.ingestion.wait_for_starrocks manual__2026-06-12T10:29:13+00:00 [queued]>
[2026-06-12T11:21:30.984+0000] {taskinstance.py:2867} INFO - Starting attempt 2 of 5
[2026-06-12T11:21:31.010+0000] {taskinstance.py:2890} INFO - Executing <Task(PythonOperator): ingestion.wait_for_starrocks> on 2026-06-12 10:29:13+00:00
[2026-06-12T11:21:31.061+0000] {logging_mixin.py:190} WARNING - /home/***/.local/lib/python3.12/site-packages/***/task/task_runner/standard_task_runner.py:70 DeprecationWarning: This process (pid=1053) is multi-threaded, use of fork() may lead to deadlocks in the child.
[2026-06-12T11:21:31.068+0000] {standard_task_runner.py:72} INFO - Started process 1054 to run task
[2026-06-12T11:21:31.099+0000] {standard_task_runner.py:104} INFO - Running: ['***', 'tasks', 'run', 'hotel_booking_pipeline', 'ingestion.wait_for_starrocks', 'manual__2026-06-12T10:29:13+00:00', '--job-id', '40', '--raw', '--subdir', 'DAGS_FOLDER/hotel_booking_pipeline.py', '--cfg-path', '/tmp/tmpj0ncrvh3']
[2026-06-12T11:21:31.104+0000] {standard_task_runner.py:105} INFO - Job 40: Subtask ingestion.wait_for_starrocks
[2026-06-12T11:21:31.879+0000] {task_command.py:467} INFO - Running <TaskInstance: hotel_booking_pipeline.ingestion.wait_for_starrocks manual__2026-06-12T10:29:13+00:00 [running]> on host d474afbfc391
[2026-06-12T11:21:32.548+0000] {taskinstance.py:3134} INFO - Exporting env vars: AIRFLOW_CTX_DAG_OWNER='data-platform' AIRFLOW_CTX_DAG_ID='hotel_booking_pipeline' AIRFLOW_CTX_TASK_ID='ingestion.wait_for_starrocks' AIRFLOW_CTX_EXECUTION_DATE='2026-06-12T10:29:13+00:00' AIRFLOW_CTX_TRY_NUMBER='2' AIRFLOW_CTX_DAG_RUN_ID='manual__2026-06-12T10:29:13+00:00'
[2026-06-12T11:21:32.562+0000] {taskinstance.py:732} INFO - ::endgroup::
[2026-06-12T11:21:32.701+0000] {logging_mixin.py:190} INFO - StarRocks is reachable at starrocks:9030
[2026-06-12T11:21:33.104+0000] {logging_mixin.py:190} INFO - StarRocks query check returned: 1
[2026-06-12T11:21:33.111+0000] {python.py:240} INFO - Done. Returned value was: None
[2026-06-12T11:21:33.201+0000] {taskinstance.py:341} INFO - ::group::Post task execution logs
[2026-06-12T11:21:33.205+0000] {taskinstance.py:353} INFO - Marking task as SUCCESS. dag_id=hotel_booking_pipeline, task_id=ingestion.wait_for_starrocks, run_id=manual__2026-06-12T10:29:13+00:00, execution_date=20260612T102913, start_date=20260612T112130, end_date=20260612T112133
[2026-06-12T11:21:33.333+0000] {local_task_job_runner.py:266} INFO - Task exited with return code 0
[2026-06-12T11:21:33.474+0000] {taskinstance.py:3901} INFO - 1 downstream tasks scheduled from follow-on schedule check
[2026-06-12T11:21:33.479+0000] {local_task_job_runner.py:245} INFO - ::endgroup::
