[2026-06-18T03:06:09.224+0000] {local_task_job_runner.py:123} INFO - ::group::Pre task execution logs
[2026-06-18T03:06:09.255+0000] {taskinstance.py:2614} INFO - Dependencies all met for dep_context=non-requeueable deps ti=<TaskInstance: hotel_booking_pipeline.ingestion.run_spark_iceberg_silver_models manual__2026-06-18T03:02:06+00:00 [queued]>
[2026-06-18T03:06:09.263+0000] {taskinstance.py:2614} INFO - Dependencies all met for dep_context=requeueable deps ti=<TaskInstance: hotel_booking_pipeline.ingestion.run_spark_iceberg_silver_models manual__2026-06-18T03:02:06+00:00 [queued]>
[2026-06-18T03:06:09.263+0000] {taskinstance.py:2867} INFO - Starting attempt 1 of 2
[2026-06-18T03:06:09.272+0000] {taskinstance.py:2890} INFO - Executing <Task(PythonOperator): ingestion.run_spark_iceberg_silver_models> on 2026-06-18 03:02:06+00:00
[2026-06-18T03:06:09.286+0000] {logging_mixin.py:190} WARNING - /home/***/.local/lib/python3.12/site-packages/***/task/task_runner/standard_task_runner.py:70 DeprecationWarning: This process (pid=697) is multi-threaded, use of fork() may lead to deadlocks in the child.
[2026-06-18T03:06:09.288+0000] {standard_task_runner.py:72} INFO - Started process 698 to run task
[2026-06-18T03:06:09.287+0000] {standard_task_runner.py:104} INFO - Running: ['***', 'tasks', 'run', 'hotel_booking_pipeline', 'ingestion.run_spark_iceberg_silver_models', 'manual__2026-06-18T03:02:06+00:00', '--job-id', '162', '--raw', '--subdir', 'DAGS_FOLDER/hotel_booking_pipeline.py', '--cfg-path', '/tmp/tmpj9dkmy3p']
[2026-06-18T03:06:09.291+0000] {standard_task_runner.py:105} INFO - Job 162: Subtask ingestion.run_spark_iceberg_silver_models
[2026-06-18T03:06:09.379+0000] {task_command.py:467} INFO - Running <TaskInstance: hotel_booking_pipeline.ingestion.run_spark_iceberg_silver_models manual__2026-06-18T03:02:06+00:00 [running]> on host 97b2ab980529
[2026-06-18T03:06:09.469+0000] {taskinstance.py:3134} INFO - Exporting env vars: AIRFLOW_CTX_DAG_OWNER='data-platform' AIRFLOW_CTX_DAG_ID='hotel_booking_pipeline' AIRFLOW_CTX_TASK_ID='ingestion.run_spark_iceberg_silver_models' AIRFLOW_CTX_EXECUTION_DATE='2026-06-18T03:02:06+00:00' AIRFLOW_CTX_TRY_NUMBER='1' AIRFLOW_CTX_DAG_RUN_ID='manual__2026-06-18T03:02:06+00:00'
[2026-06-18T03:06:09.470+0000] {taskinstance.py:732} INFO - ::endgroup::
[2026-06-18T03:06:09.485+0000] {logging_mixin.py:190} INFO - Running command: python /opt/***/scripts/build_silver_iceberg_tables.py
[2026-06-18T03:07:28.305+0000] {job.py:229} INFO - Heartbeat recovered after 11.42 seconds
[2026-06-18T03:07:48.029+0000] {job.py:229} INFO - Heartbeat recovered after 19.95 seconds
[2026-06-18T03:12:21.219+0000] {python.py:240} INFO - Done. Returned value was: None
[2026-06-18T03:12:22.008+0000] {taskinstance.py:341} INFO - ::group::Post task execution logs
[2026-06-18T03:12:22.047+0000] {taskinstance.py:353} INFO - Marking task as SUCCESS. dag_id=hotel_booking_pipeline, task_id=ingestion.run_spark_iceberg_silver_models, run_id=manual__2026-06-18T03:02:06+00:00, execution_date=20260618T030206, start_date=20260618T030609, end_date=20260618T031222
[2026-06-18T03:12:23.224+0000] {local_task_job_runner.py:266} INFO - Task exited with return code 0
[2026-06-18T03:12:23.768+0000] {taskinstance.py:3901} INFO - 1 downstream tasks scheduled from follow-on schedule check
[2026-06-18T03:12:23.773+0000] {local_task_job_runner.py:245} INFO - ::endgroup::
