[2026-06-18T03:05:40.110+0000] {local_task_job_runner.py:123} INFO - ::group::Pre task execution logs
[2026-06-18T03:05:40.201+0000] {taskinstance.py:2614} INFO - Dependencies all met for dep_context=non-requeueable deps ti=<TaskInstance: hotel_booking_pipeline.ingestion.wait_for_starrocks manual__2026-06-18T03:02:06+00:00 [queued]>
[2026-06-18T03:05:40.233+0000] {taskinstance.py:2614} INFO - Dependencies all met for dep_context=requeueable deps ti=<TaskInstance: hotel_booking_pipeline.ingestion.wait_for_starrocks manual__2026-06-18T03:02:06+00:00 [queued]>
[2026-06-18T03:05:40.233+0000] {taskinstance.py:2867} INFO - Starting attempt 1 of 4
[2026-06-18T03:05:40.259+0000] {taskinstance.py:2890} INFO - Executing <Task(PythonOperator): ingestion.wait_for_starrocks> on 2026-06-18 03:02:06+00:00
[2026-06-18T03:05:40.270+0000] {standard_task_runner.py:104} INFO - Running: ['***', 'tasks', 'run', 'hotel_booking_pipeline', 'ingestion.wait_for_starrocks', 'manual__2026-06-18T03:02:06+00:00', '--job-id', '158', '--raw', '--subdir', 'DAGS_FOLDER/hotel_booking_pipeline.py', '--cfg-path', '/tmp/tmps9yxhjse']
[2026-06-18T03:05:40.283+0000] {standard_task_runner.py:105} INFO - Job 158: Subtask ingestion.wait_for_starrocks
[2026-06-18T03:05:40.286+0000] {logging_mixin.py:190} WARNING - /home/***/.local/lib/python3.12/site-packages/***/task/task_runner/standard_task_runner.py:70 DeprecationWarning: This process (pid=680) is multi-threaded, use of fork() may lead to deadlocks in the child.
[2026-06-18T03:05:40.289+0000] {standard_task_runner.py:72} INFO - Started process 681 to run task
[2026-06-18T03:05:40.455+0000] {task_command.py:467} INFO - Running <TaskInstance: hotel_booking_pipeline.ingestion.wait_for_starrocks manual__2026-06-18T03:02:06+00:00 [running]> on host 97b2ab980529
[2026-06-18T03:05:40.624+0000] {taskinstance.py:3134} INFO - Exporting env vars: AIRFLOW_CTX_DAG_OWNER='data-platform' AIRFLOW_CTX_DAG_ID='hotel_booking_pipeline' AIRFLOW_CTX_TASK_ID='ingestion.wait_for_starrocks' AIRFLOW_CTX_EXECUTION_DATE='2026-06-18T03:02:06+00:00' AIRFLOW_CTX_TRY_NUMBER='1' AIRFLOW_CTX_DAG_RUN_ID='manual__2026-06-18T03:02:06+00:00'
[2026-06-18T03:05:40.625+0000] {taskinstance.py:732} INFO - ::endgroup::
[2026-06-18T03:05:40.667+0000] {logging_mixin.py:190} INFO - StarRocks is reachable at starrocks:9030
[2026-06-18T03:05:40.943+0000] {logging_mixin.py:190} INFO - StarRocks query check returned: 1
[2026-06-18T03:05:40.945+0000] {python.py:240} INFO - Done. Returned value was: None
[2026-06-18T03:05:40.968+0000] {taskinstance.py:341} INFO - ::group::Post task execution logs
[2026-06-18T03:05:40.969+0000] {taskinstance.py:353} INFO - Marking task as SUCCESS. dag_id=hotel_booking_pipeline, task_id=ingestion.wait_for_starrocks, run_id=manual__2026-06-18T03:02:06+00:00, execution_date=20260618T030206, start_date=20260618T030540, end_date=20260618T030540
[2026-06-18T03:05:41.032+0000] {local_task_job_runner.py:266} INFO - Task exited with return code 0
[2026-06-18T03:05:41.146+0000] {taskinstance.py:3901} INFO - 1 downstream tasks scheduled from follow-on schedule check
[2026-06-18T03:05:41.153+0000] {local_task_job_runner.py:245} INFO - ::endgroup::
