[2026-06-12T11:28:04.555+0000] {local_task_job_runner.py:123} INFO - ::group::Pre task execution logs
[2026-06-12T11:28:04.576+0000] {taskinstance.py:2614} INFO - Dependencies all met for dep_context=non-requeueable deps ti=<TaskInstance: hotel_booking_pipeline.precheck.generate_synthetic_batches manual__2026-06-12T11:23:56.033659+00:00 [queued]>
[2026-06-12T11:28:04.582+0000] {taskinstance.py:2614} INFO - Dependencies all met for dep_context=requeueable deps ti=<TaskInstance: hotel_booking_pipeline.precheck.generate_synthetic_batches manual__2026-06-12T11:23:56.033659+00:00 [queued]>
[2026-06-12T11:28:04.583+0000] {taskinstance.py:2867} INFO - Starting attempt 1 of 2
[2026-06-12T11:28:04.591+0000] {taskinstance.py:2890} INFO - Executing <Task(BashOperator): precheck.generate_synthetic_batches> on 2026-06-12 11:23:56.033659+00:00
[2026-06-12T11:28:04.599+0000] {logging_mixin.py:190} WARNING - /home/***/.local/lib/python3.12/site-packages/***/task/task_runner/standard_task_runner.py:70 DeprecationWarning: This process (pid=1436) is multi-threaded, use of fork() may lead to deadlocks in the child.
[2026-06-12T11:28:04.598+0000] {standard_task_runner.py:104} INFO - Running: ['***', 'tasks', 'run', 'hotel_booking_pipeline', 'precheck.generate_synthetic_batches', 'manual__2026-06-12T11:23:56.033659+00:00', '--job-id', '61', '--raw', '--subdir', 'DAGS_FOLDER/hotel_booking_pipeline.py', '--cfg-path', '/tmp/tmpch0emfqm']
[2026-06-12T11:28:04.601+0000] {standard_task_runner.py:105} INFO - Job 61: Subtask precheck.generate_synthetic_batches
[2026-06-12T11:28:04.600+0000] {standard_task_runner.py:72} INFO - Started process 1437 to run task
[2026-06-12T11:28:04.647+0000] {task_command.py:467} INFO - Running <TaskInstance: hotel_booking_pipeline.precheck.generate_synthetic_batches manual__2026-06-12T11:23:56.033659+00:00 [running]> on host d474afbfc391
[2026-06-12T11:28:04.716+0000] {taskinstance.py:3134} INFO - Exporting env vars: AIRFLOW_CTX_DAG_OWNER='data-platform' AIRFLOW_CTX_DAG_ID='hotel_booking_pipeline' AIRFLOW_CTX_TASK_ID='precheck.generate_synthetic_batches' AIRFLOW_CTX_EXECUTION_DATE='2026-06-12T11:23:56.033659+00:00' AIRFLOW_CTX_TRY_NUMBER='1' AIRFLOW_CTX_DAG_RUN_ID='manual__2026-06-12T11:23:56.033659+00:00'
[2026-06-12T11:28:04.718+0000] {taskinstance.py:732} INFO - ::endgroup::
[2026-06-12T11:28:04.728+0000] {subprocess.py:78} INFO - Tmp dir root location: /tmp
[2026-06-12T11:28:04.731+0000] {subprocess.py:88} INFO - Running command: ['/usr/bin/bash', '-c', 'python /opt/***/scripts/generate_synthetic_batches.py']
[2026-06-12T11:28:04.739+0000] {subprocess.py:99} INFO - Output:
[2026-06-12T11:28:18.893+0000] {subprocess.py:106} INFO - Wrote /opt/***/data/input/incremental_batches/batch_001_initial.csv (119,390 rows)
[2026-06-12T11:28:18.936+0000] {subprocess.py:106} INFO - Wrote /opt/***/data/input/incremental_batches/batch_002_updates.csv (17 rows)
[2026-06-12T11:28:18.941+0000] {subprocess.py:106} INFO - Wrote /opt/***/data/input/incremental_batches/batch_003_duplicate_replay.csv (15 rows)
[2026-06-12T11:28:18.942+0000] {subprocess.py:106} INFO - Wrote /opt/***/data/input/incremental_batches/batch_004_same_state.csv (1 rows)
[2026-06-12T11:28:18.946+0000] {subprocess.py:106} INFO - Wrote /opt/***/data/input/incremental_batches/batch_005_reverted_state.csv (1 rows)
[2026-06-12T11:28:19.021+0000] {subprocess.py:110} INFO - Command exited with return code 0
[2026-06-12T11:28:19.189+0000] {taskinstance.py:341} INFO - ::group::Post task execution logs
[2026-06-12T11:28:19.190+0000] {taskinstance.py:353} INFO - Marking task as SUCCESS. dag_id=hotel_booking_pipeline, task_id=precheck.generate_synthetic_batches, run_id=manual__2026-06-12T11:23:56.033659+00:00, execution_date=20260612T112356, start_date=20260612T112804, end_date=20260612T112819
[2026-06-12T11:28:19.282+0000] {local_task_job_runner.py:266} INFO - Task exited with return code 0
[2026-06-12T11:28:19.350+0000] {taskinstance.py:3901} INFO - 1 downstream tasks scheduled from follow-on schedule check
[2026-06-12T11:28:19.351+0000] {local_task_job_runner.py:245} INFO - ::endgroup::
