[2026-06-17T15:15:53.746+0000] {local_task_job_runner.py:123} INFO - ::group::Pre task execution logs
[2026-06-17T15:15:53.772+0000] {taskinstance.py:2614} INFO - Dependencies all met for dep_context=non-requeueable deps ti=<TaskInstance: hotel_booking_pipeline.ingestion.upload_batches_to_minio __airflow_temporary_run_2026-06-17T15:15:24.847176+00:00__ [queued]>
[2026-06-17T15:15:53.782+0000] {taskinstance.py:2614} INFO - Dependencies all met for dep_context=requeueable deps ti=<TaskInstance: hotel_booking_pipeline.ingestion.upload_batches_to_minio __airflow_temporary_run_2026-06-17T15:15:24.847176+00:00__ [queued]>
[2026-06-17T15:15:53.783+0000] {taskinstance.py:2867} INFO - Starting attempt 1 of 2
[2026-06-17T15:15:53.798+0000] {taskinstance.py:2890} INFO - Executing <Task(BashOperator): ingestion.upload_batches_to_minio> on 2026-06-17 00:00:00+00:00
[2026-06-17T15:15:53.803+0000] {standard_task_runner.py:104} INFO - Running: ['***', 'tasks', 'run', 'hotel_booking_pipeline', 'ingestion.upload_batches_to_minio', '__***_temporary_run_2026-06-17T15:15:24.847176+00:00__', '--job-id', '134', '--raw', '--subdir', 'DAGS_FOLDER/hotel_booking_pipeline.py', '--cfg-path', '/tmp/tmpgdrb1n69']
[2026-06-17T15:15:53.809+0000] {standard_task_runner.py:105} INFO - Job 134: Subtask ingestion.upload_batches_to_minio
[2026-06-17T15:15:53.808+0000] {logging_mixin.py:190} WARNING - /home/***/.local/lib/python3.12/site-packages/***/task/task_runner/standard_task_runner.py:70 DeprecationWarning: This process (pid=6321) is multi-threaded, use of fork() may lead to deadlocks in the child.
[2026-06-17T15:15:53.815+0000] {standard_task_runner.py:72} INFO - Started process 6322 to run task
[2026-06-17T15:15:53.874+0000] {task_command.py:467} INFO - Running <TaskInstance: hotel_booking_pipeline.ingestion.upload_batches_to_minio __airflow_temporary_run_2026-06-17T15:15:24.847176+00:00__ [running]> on host 5a05bbfd0b5c
[2026-06-17T15:15:53.970+0000] {taskinstance.py:3134} INFO - Exporting env vars: AIRFLOW_CTX_DAG_OWNER='data-platform' AIRFLOW_CTX_DAG_ID='hotel_booking_pipeline' AIRFLOW_CTX_TASK_ID='ingestion.upload_batches_to_minio' AIRFLOW_CTX_EXECUTION_DATE='2026-06-17T00:00:00+00:00' AIRFLOW_CTX_TRY_NUMBER='1' AIRFLOW_CTX_DAG_RUN_ID='__***_temporary_run_2026-06-17T15:15:24.847176+00:00__'
[2026-06-17T15:15:53.971+0000] {taskinstance.py:732} INFO - ::endgroup::
[2026-06-17T15:15:53.982+0000] {subprocess.py:78} INFO - Tmp dir root location: /tmp
[2026-06-17T15:15:53.984+0000] {subprocess.py:88} INFO - Running command: ['/usr/bin/bash', '-c', 'python /opt/***/scripts/upload_incremental_batches_to_minio.py']
[2026-06-17T15:15:53.990+0000] {subprocess.py:99} INFO - Output:
[2026-06-17T15:15:54.970+0000] {subprocess.py:106} INFO - Uploaded /opt/***/data/input/incremental_batches/batch_001_initial.csv -> s3://hotel-booking-raw/hotel_booking_demand/incremental_batches/etl_year=2026/etl_month=01/etl_day=01/watermark_date=20260101/raw_batch_sequence=001/batch_001_initial.csv (watermark_date=20260101, raw_batch_sequence=001)
[2026-06-17T15:15:54.975+0000] {subprocess.py:106} INFO - Uploaded /opt/***/data/input/incremental_batches/batch_002_updates.csv -> s3://hotel-booking-raw/hotel_booking_demand/incremental_batches/etl_year=2026/etl_month=01/etl_day=02/watermark_date=20260102/raw_batch_sequence=002/batch_002_updates.csv (watermark_date=20260102, raw_batch_sequence=002)
[2026-06-17T15:15:54.975+0000] {subprocess.py:106} INFO - Uploaded /opt/***/data/input/incremental_batches/batch_003_duplicate_replay.csv -> s3://hotel-booking-raw/hotel_booking_demand/incremental_batches/etl_year=2026/etl_month=01/etl_day=03/watermark_date=20260103/raw_batch_sequence=003/batch_003_duplicate_replay.csv (watermark_date=20260103, raw_batch_sequence=003)
[2026-06-17T15:15:54.978+0000] {subprocess.py:106} INFO - Uploaded /opt/***/data/input/incremental_batches/batch_004_same_state.csv -> s3://hotel-booking-raw/hotel_booking_demand/incremental_batches/etl_year=2026/etl_month=01/etl_day=04/watermark_date=20260104/raw_batch_sequence=004/batch_004_same_state.csv (watermark_date=20260104, raw_batch_sequence=004)
[2026-06-17T15:15:54.981+0000] {subprocess.py:106} INFO - Uploaded /opt/***/data/input/incremental_batches/batch_005_reverted_state.csv -> s3://hotel-booking-raw/hotel_booking_demand/incremental_batches/etl_year=2026/etl_month=01/etl_day=05/watermark_date=20260105/raw_batch_sequence=005/batch_005_reverted_state.csv (watermark_date=20260105, raw_batch_sequence=005)
[2026-06-17T15:15:55.026+0000] {subprocess.py:110} INFO - Command exited with return code 0
[2026-06-17T15:15:55.124+0000] {taskinstance.py:341} INFO - ::group::Post task execution logs
[2026-06-17T15:15:55.126+0000] {taskinstance.py:353} INFO - Marking task as SUCCESS. dag_id=hotel_booking_pipeline, task_id=ingestion.upload_batches_to_minio, run_id=__***_temporary_run_2026-06-17T15:15:24.847176+00:00__, execution_date=20260617T000000, start_date=20260617T151553, end_date=20260617T151555
[2026-06-17T15:15:55.196+0000] {local_task_job_runner.py:266} INFO - Task exited with return code 0
[2026-06-17T15:15:55.276+0000] {taskinstance.py:3901} INFO - 1 downstream tasks scheduled from follow-on schedule check
[2026-06-17T15:15:55.283+0000] {local_task_job_runner.py:245} INFO - ::endgroup::
