[2026-06-12T11:19:51.937+0000] {local_task_job_runner.py:123} INFO - ::group::Pre task execution logs
[2026-06-12T11:19:51.957+0000] {taskinstance.py:2614} INFO - Dependencies all met for dep_context=non-requeueable deps ti=<TaskInstance: hotel_booking_pipeline.precheck.generate_synthetic_batches manual__2026-06-12T10:29:13+00:00 [queued]>
[2026-06-12T11:19:51.963+0000] {taskinstance.py:2614} INFO - Dependencies all met for dep_context=requeueable deps ti=<TaskInstance: hotel_booking_pipeline.precheck.generate_synthetic_batches manual__2026-06-12T10:29:13+00:00 [queued]>
[2026-06-12T11:19:51.964+0000] {taskinstance.py:2867} INFO - Starting attempt 2 of 3
[2026-06-12T11:19:51.970+0000] {taskinstance.py:2890} INFO - Executing <Task(BashOperator): precheck.generate_synthetic_batches> on 2026-06-12 10:29:13+00:00
[2026-06-12T11:19:51.980+0000] {logging_mixin.py:190} WARNING - /home/***/.local/lib/python3.12/site-packages/***/task/task_runner/standard_task_runner.py:70 DeprecationWarning: This process (pid=781) is multi-threaded, use of fork() may lead to deadlocks in the child.
[2026-06-12T11:19:51.981+0000] {standard_task_runner.py:72} INFO - Started process 782 to run task
[2026-06-12T11:19:51.981+0000] {standard_task_runner.py:104} INFO - Running: ['***', 'tasks', 'run', 'hotel_booking_pipeline', 'precheck.generate_synthetic_batches', 'manual__2026-06-12T10:29:13+00:00', '--job-id', '35', '--raw', '--subdir', 'DAGS_FOLDER/hotel_booking_pipeline.py', '--cfg-path', '/tmp/tmpfddqnod7']
[2026-06-12T11:19:51.984+0000] {standard_task_runner.py:105} INFO - Job 35: Subtask precheck.generate_synthetic_batches
[2026-06-12T11:19:52.030+0000] {task_command.py:467} INFO - Running <TaskInstance: hotel_booking_pipeline.precheck.generate_synthetic_batches manual__2026-06-12T10:29:13+00:00 [running]> on host d474afbfc391
[2026-06-12T11:19:52.101+0000] {taskinstance.py:3134} INFO - Exporting env vars: AIRFLOW_CTX_DAG_OWNER='data-platform' AIRFLOW_CTX_DAG_ID='hotel_booking_pipeline' AIRFLOW_CTX_TASK_ID='precheck.generate_synthetic_batches' AIRFLOW_CTX_EXECUTION_DATE='2026-06-12T10:29:13+00:00' AIRFLOW_CTX_TRY_NUMBER='2' AIRFLOW_CTX_DAG_RUN_ID='manual__2026-06-12T10:29:13+00:00'
[2026-06-12T11:19:52.101+0000] {taskinstance.py:732} INFO - ::endgroup::
[2026-06-12T11:19:52.112+0000] {subprocess.py:78} INFO - Tmp dir root location: /tmp
[2026-06-12T11:19:52.114+0000] {subprocess.py:88} INFO - Running command: ['/usr/bin/bash', '-c', 'python /opt/***/scripts/generate_synthetic_batches.py']
[2026-06-12T11:19:52.120+0000] {subprocess.py:99} INFO - Output:
[2026-06-12T11:20:02.519+0000] {subprocess.py:106} INFO - Wrote /opt/***/data/input/incremental_batches/batch_001_initial.csv (119,390 rows)
[2026-06-12T11:20:02.531+0000] {subprocess.py:106} INFO - Wrote /opt/***/data/input/incremental_batches/batch_002_updates.csv (17 rows)
[2026-06-12T11:20:02.535+0000] {subprocess.py:106} INFO - Wrote /opt/***/data/input/incremental_batches/batch_003_duplicate_replay.csv (15 rows)
[2026-06-12T11:20:02.536+0000] {subprocess.py:106} INFO - Wrote /opt/***/data/input/incremental_batches/batch_004_same_state.csv (1 rows)
[2026-06-12T11:20:02.536+0000] {subprocess.py:106} INFO - Wrote /opt/***/data/input/incremental_batches/batch_005_reverted_state.csv (1 rows)
[2026-06-12T11:20:02.554+0000] {subprocess.py:110} INFO - Command exited with return code 0
[2026-06-12T11:20:02.629+0000] {taskinstance.py:341} INFO - ::group::Post task execution logs
[2026-06-12T11:20:02.631+0000] {taskinstance.py:353} INFO - Marking task as SUCCESS. dag_id=hotel_booking_pipeline, task_id=precheck.generate_synthetic_batches, run_id=manual__2026-06-12T10:29:13+00:00, execution_date=20260612T102913, start_date=20260612T111951, end_date=20260612T112002
[2026-06-12T11:20:02.704+0000] {local_task_job_runner.py:266} INFO - Task exited with return code 0
[2026-06-12T11:20:02.741+0000] {taskinstance.py:3901} INFO - 1 downstream tasks scheduled from follow-on schedule check
[2026-06-12T11:20:02.742+0000] {local_task_job_runner.py:245} INFO - ::endgroup::
