[2026-06-02T06:22:24.903+0000] {local_task_job_runner.py:123} INFO - ::group::Pre task execution logs
[2026-06-02T06:22:24.916+0000] {taskinstance.py:2614} INFO - Dependencies all met for dep_context=non-requeueable deps ti=<TaskInstance: hotel_booking_pipeline.ingestion.create_raw_table manual__2026-06-02T06:22:14.520718+00:00 [queued]>
[2026-06-02T06:22:24.920+0000] {taskinstance.py:2614} INFO - Dependencies all met for dep_context=requeueable deps ti=<TaskInstance: hotel_booking_pipeline.ingestion.create_raw_table manual__2026-06-02T06:22:14.520718+00:00 [queued]>
[2026-06-02T06:22:24.920+0000] {taskinstance.py:2867} INFO - Starting attempt 1 of 2
[2026-06-02T06:22:24.926+0000] {taskinstance.py:2890} INFO - Executing <Task(PythonOperator): ingestion.create_raw_table> on 2026-06-02 06:22:14.520718+00:00
[2026-06-02T06:22:24.929+0000] {logging_mixin.py:190} WARNING - /home/***/.local/lib/python3.12/site-packages/***/task/task_runner/standard_task_runner.py:70 DeprecationWarning: This process (pid=138) is multi-threaded, use of fork() may lead to deadlocks in the child.
[2026-06-02T06:22:24.930+0000] {standard_task_runner.py:72} INFO - Started process 139 to run task
[2026-06-02T06:22:24.929+0000] {standard_task_runner.py:104} INFO - Running: ['***', 'tasks', 'run', 'hotel_booking_pipeline', 'ingestion.create_raw_table', 'manual__2026-06-02T06:22:14.520718+00:00', '--job-id', '28', '--raw', '--subdir', 'DAGS_FOLDER/hotel_booking_pipeline.py', '--cfg-path', '/tmp/tmpjwnih17k']
[2026-06-02T06:22:24.931+0000] {standard_task_runner.py:105} INFO - Job 28: Subtask ingestion.create_raw_table
[2026-06-02T06:22:24.959+0000] {task_command.py:467} INFO - Running <TaskInstance: hotel_booking_pipeline.ingestion.create_raw_table manual__2026-06-02T06:22:14.520718+00:00 [running]> on host 7c9eda088651
[2026-06-02T06:22:25.008+0000] {taskinstance.py:3134} INFO - Exporting env vars: AIRFLOW_CTX_DAG_OWNER='data-platform' AIRFLOW_CTX_DAG_ID='hotel_booking_pipeline' AIRFLOW_CTX_TASK_ID='ingestion.create_raw_table' AIRFLOW_CTX_EXECUTION_DATE='2026-06-02T06:22:14.520718+00:00' AIRFLOW_CTX_TRY_NUMBER='1' AIRFLOW_CTX_DAG_RUN_ID='manual__2026-06-02T06:22:14.520718+00:00'
[2026-06-02T06:22:25.008+0000] {taskinstance.py:732} INFO - ::endgroup::
[2026-06-02T06:22:25.026+0000] {logging_mixin.py:190} INFO - Executing SQL from 01_create_raw_table.sql: CREATE TABLE IF NOT EXISTS hotel_booking.raw_hotel_bookings (
    hotel VARCHAR(64) NOT NULL,
    is_canceled VARCHAR(8)...
[2026-06-02T06:22:25.031+0000] {python.py:240} INFO - Done. Returned value was: None
[2026-06-02T06:22:25.039+0000] {taskinstance.py:341} INFO - ::group::Post task execution logs
[2026-06-02T06:22:25.039+0000] {taskinstance.py:353} INFO - Marking task as SUCCESS. dag_id=hotel_booking_pipeline, task_id=ingestion.create_raw_table, run_id=manual__2026-06-02T06:22:14.520718+00:00, execution_date=20260602T062214, start_date=20260602T062224, end_date=20260602T062225
[2026-06-02T06:22:25.073+0000] {local_task_job_runner.py:266} INFO - Task exited with return code 0
[2026-06-02T06:22:25.106+0000] {taskinstance.py:3901} INFO - 1 downstream tasks scheduled from follow-on schedule check
[2026-06-02T06:22:25.107+0000] {local_task_job_runner.py:245} INFO - ::endgroup::
