[2026-06-12T11:25:56.618+0000] {local_task_job_runner.py:123} INFO - ::group::Pre task execution logs
[2026-06-12T11:25:56.686+0000] {taskinstance.py:2614} INFO - Dependencies all met for dep_context=non-requeueable deps ti=<TaskInstance: hotel_booking_pipeline.ingestion.wait_for_starrocks manual__2026-06-12T11:05:29.153228+00:00 [queued]>
[2026-06-12T11:25:56.700+0000] {taskinstance.py:2614} INFO - Dependencies all met for dep_context=requeueable deps ti=<TaskInstance: hotel_booking_pipeline.ingestion.wait_for_starrocks manual__2026-06-12T11:05:29.153228+00:00 [queued]>
[2026-06-12T11:25:56.700+0000] {taskinstance.py:2867} INFO - Starting attempt 2 of 5
[2026-06-12T11:25:56.716+0000] {taskinstance.py:2890} INFO - Executing <Task(PythonOperator): ingestion.wait_for_starrocks> on 2026-06-12 11:05:29.153228+00:00
[2026-06-12T11:25:56.727+0000] {standard_task_runner.py:104} INFO - Running: ['***', 'tasks', 'run', 'hotel_booking_pipeline', 'ingestion.wait_for_starrocks', 'manual__2026-06-12T11:05:29.153228+00:00', '--job-id', '53', '--raw', '--subdir', 'DAGS_FOLDER/hotel_booking_pipeline.py', '--cfg-path', '/tmp/tmp3iw15r9y']
[2026-06-12T11:25:56.729+0000] {standard_task_runner.py:105} INFO - Job 53: Subtask ingestion.wait_for_starrocks
[2026-06-12T11:25:56.754+0000] {logging_mixin.py:190} WARNING - /home/***/.local/lib/python3.12/site-packages/***/task/task_runner/standard_task_runner.py:70 DeprecationWarning: This process (pid=1374) is multi-threaded, use of fork() may lead to deadlocks in the child.
[2026-06-12T11:25:56.757+0000] {standard_task_runner.py:72} INFO - Started process 1375 to run task
[2026-06-12T11:25:56.916+0000] {task_command.py:467} INFO - Running <TaskInstance: hotel_booking_pipeline.ingestion.wait_for_starrocks manual__2026-06-12T11:05:29.153228+00:00 [running]> on host d474afbfc391
[2026-06-12T11:25:57.098+0000] {taskinstance.py:3134} INFO - Exporting env vars: AIRFLOW_CTX_DAG_OWNER='data-platform' AIRFLOW_CTX_DAG_ID='hotel_booking_pipeline' AIRFLOW_CTX_TASK_ID='ingestion.wait_for_starrocks' AIRFLOW_CTX_EXECUTION_DATE='2026-06-12T11:05:29.153228+00:00' AIRFLOW_CTX_TRY_NUMBER='2' AIRFLOW_CTX_DAG_RUN_ID='manual__2026-06-12T11:05:29.153228+00:00'
[2026-06-12T11:25:57.101+0000] {taskinstance.py:732} INFO - ::endgroup::
[2026-06-12T11:25:57.152+0000] {logging_mixin.py:190} INFO - StarRocks is reachable at starrocks:9030
[2026-06-12T11:25:57.325+0000] {logging_mixin.py:190} INFO - StarRocks query check returned: 1
[2026-06-12T11:25:57.327+0000] {python.py:240} INFO - Done. Returned value was: None
[2026-06-12T11:25:57.344+0000] {taskinstance.py:341} INFO - ::group::Post task execution logs
[2026-06-12T11:25:57.345+0000] {taskinstance.py:353} INFO - Marking task as SUCCESS. dag_id=hotel_booking_pipeline, task_id=ingestion.wait_for_starrocks, run_id=manual__2026-06-12T11:05:29.153228+00:00, execution_date=20260612T110529, start_date=20260612T112556, end_date=20260612T112557
[2026-06-12T11:25:57.381+0000] {local_task_job_runner.py:266} INFO - Task exited with return code 0
[2026-06-12T11:25:57.407+0000] {taskinstance.py:3901} INFO - 1 downstream tasks scheduled from follow-on schedule check
[2026-06-12T11:25:57.408+0000] {local_task_job_runner.py:245} INFO - ::endgroup::
