[2026-06-14T14:49:34.714+0000] {local_task_job_runner.py:123} INFO - ::group::Pre task execution logs
[2026-06-14T14:49:34.735+0000] {taskinstance.py:2614} INFO - Dependencies all met for dep_context=non-requeueable deps ti=<TaskInstance: hotel_booking_pipeline.ingestion.run_spark_iceberg_ingestion manual__2026-06-14T14:48:47.339540+00:00 [queued]>
[2026-06-14T14:49:34.742+0000] {taskinstance.py:2614} INFO - Dependencies all met for dep_context=requeueable deps ti=<TaskInstance: hotel_booking_pipeline.ingestion.run_spark_iceberg_ingestion manual__2026-06-14T14:48:47.339540+00:00 [queued]>
[2026-06-14T14:49:34.742+0000] {taskinstance.py:2867} INFO - Starting attempt 1 of 2
[2026-06-14T14:49:34.752+0000] {taskinstance.py:2890} INFO - Executing <Task(PythonOperator): ingestion.run_spark_iceberg_ingestion> on 2026-06-14 14:48:47.339540+00:00
[2026-06-14T14:49:34.758+0000] {standard_task_runner.py:104} INFO - Running: ['***', 'tasks', 'run', 'hotel_booking_pipeline', 'ingestion.run_spark_iceberg_ingestion', 'manual__2026-06-14T14:48:47.339540+00:00', '--job-id', '97', '--raw', '--subdir', 'DAGS_FOLDER/hotel_booking_pipeline.py', '--cfg-path', '/tmp/tmpqzr2sj3i']
[2026-06-14T14:49:34.763+0000] {standard_task_runner.py:105} INFO - Job 97: Subtask ingestion.run_spark_iceberg_ingestion
[2026-06-14T14:49:34.764+0000] {logging_mixin.py:190} WARNING - /home/***/.local/lib/python3.12/site-packages/***/task/task_runner/standard_task_runner.py:70 DeprecationWarning: This process (pid=123) is multi-threaded, use of fork() may lead to deadlocks in the child.
[2026-06-14T14:49:34.765+0000] {standard_task_runner.py:72} INFO - Started process 124 to run task
[2026-06-14T14:49:34.809+0000] {task_command.py:467} INFO - Running <TaskInstance: hotel_booking_pipeline.ingestion.run_spark_iceberg_ingestion manual__2026-06-14T14:48:47.339540+00:00 [running]> on host a888e49c7c43
[2026-06-14T14:49:34.891+0000] {taskinstance.py:3134} INFO - Exporting env vars: AIRFLOW_CTX_DAG_OWNER='data-platform' AIRFLOW_CTX_DAG_ID='hotel_booking_pipeline' AIRFLOW_CTX_TASK_ID='ingestion.run_spark_iceberg_ingestion' AIRFLOW_CTX_EXECUTION_DATE='2026-06-14T14:48:47.339540+00:00' AIRFLOW_CTX_TRY_NUMBER='1' AIRFLOW_CTX_DAG_RUN_ID='manual__2026-06-14T14:48:47.339540+00:00'
[2026-06-14T14:49:34.892+0000] {taskinstance.py:732} INFO - ::endgroup::
[2026-06-14T14:49:34.904+0000] {logging_mixin.py:190} INFO - Running command: python /opt/***/scripts/ingest_batches_to_iceberg.py --batch-dir /opt/***/data/input/incremental_batches
[2026-06-14T14:53:44.782+0000] {python.py:240} INFO - Done. Returned value was: None
[2026-06-14T14:53:45.302+0000] {taskinstance.py:341} INFO - ::group::Post task execution logs
[2026-06-14T14:53:45.313+0000] {taskinstance.py:353} INFO - Marking task as SUCCESS. dag_id=hotel_booking_pipeline, task_id=ingestion.run_spark_iceberg_ingestion, run_id=manual__2026-06-14T14:48:47.339540+00:00, execution_date=20260614T144847, start_date=20260614T144934, end_date=20260614T145345
[2026-06-14T14:53:45.593+0000] {local_task_job_runner.py:266} INFO - Task exited with return code 0
[2026-06-14T14:53:45.861+0000] {taskinstance.py:3901} INFO - 1 downstream tasks scheduled from follow-on schedule check
[2026-06-14T14:53:45.863+0000] {local_task_job_runner.py:245} INFO - ::endgroup::
[2026-06-14T14:53:45.868+0000] {standard_task_runner.py:217} INFO - Process not found (most likely exited), stop collecting metrics
